2025-07-28T06:43:46.028484Z  INFO tailwindcss_oxide::scanner: Provided sources:
2025-07-28T06:43:46.028622Z  INFO tailwindcss_oxide::scanner: Source: PublicSourceEntry { base: "C:\\Users\\sc998\\namos-chat-v1", pattern: "**/*", negated: false }
2025-07-28T06:43:46.029110Z  INFO tailwindcss_oxide::scanner: Optimized sources:
2025-07-28T06:43:46.029134Z  INFO tailwindcss_oxide::scanner: Source: Auto { base: "C:\\Users\\sc998\\namos-chat-v1" }
2025-07-28T06:43:46.032203Z  INFO scan_sources: tailwindcss_oxide::scanner: enter
2025-07-28T06:43:46.036688Z  INFO scan_sources: tailwindcss_oxide::scanner: Discovering "C:\\Users\\sc998\\namos-chat-v1\\components.json"
2025-07-28T06:43:46.037044Z  INFO scan_sources: tailwindcss_oxide::scanner: Discovering "C:\\Users\\sc998\\namos-chat-v1\\eslint.config.mjs"
2025-07-28T06:43:46.037363Z  INFO scan_sources: tailwindcss_oxide::scanner: Discovering "C:\\Users\\sc998\\namos-chat-v1\\namos-chat"
2025-07-28T06:43:46.038871Z  INFO scan_sources: tailwindcss_oxide::scanner: Discovering "C:\\Users\\sc998\\namos-chat-v1\\namos-chat\\README.md"
2025-07-28T06:43:46.039079Z  INFO scan_sources: tailwindcss_oxide::scanner: Discovering "C:\\Users\\sc998\\namos-chat-v1\\next-auth.d.ts"
2025-07-28T06:43:46.039248Z  INFO scan_sources: tailwindcss_oxide::scanner: Discovering "C:\\Users\\sc998\\namos-chat-v1\\next.config.ts"
2025-07-28T06:43:46.039807Z  INFO scan_sources: tailwindcss_oxide::scanner: Discovering "C:\\Users\\sc998\\namos-chat-v1\\package.json"
2025-07-28T06:43:46.039979Z  INFO scan_sources: tailwindcss_oxide::scanner: Discovering "C:\\Users\\sc998\\namos-chat-v1\\postcss.config.mjs"
2025-07-28T06:43:46.040267Z  INFO scan_sources: tailwindcss_oxide::scanner: Discovering "C:\\Users\\sc998\\namos-chat-v1\\prisma"
2025-07-28T06:43:46.040681Z  INFO scan_sources: tailwindcss_oxide::scanner: Discovering "C:\\Users\\sc998\\namos-chat-v1\\prisma\\schema.prisma"
2025-07-28T06:43:46.041047Z  INFO scan_sources: tailwindcss_oxide::scanner: Discovering "C:\\Users\\sc998\\namos-chat-v1\\public"
2025-07-28T06:43:46.041440Z  INFO scan_sources: tailwindcss_oxide::scanner: Discovering "C:\\Users\\sc998\\namos-chat-v1\\public\\file.svg"
2025-07-28T06:43:46.041625Z  INFO scan_sources: tailwindcss_oxide::scanner: Discovering "C:\\Users\\sc998\\namos-chat-v1\\public\\globe.svg"
2025-07-28T06:43:46.042085Z  INFO scan_sources: tailwindcss_oxide::scanner: Discovering "C:\\Users\\sc998\\namos-chat-v1\\public\\next.svg"
2025-07-28T06:43:46.042391Z  INFO scan_sources: tailwindcss_oxide::scanner: Discovering "C:\\Users\\sc998\\namos-chat-v1\\public\\uploads"
2025-07-28T06:43:46.043084Z  INFO scan_sources: tailwindcss_oxide::scanner: Discovering "C:\\Users\\sc998\\namos-chat-v1\\public\\vercel.svg"
2025-07-28T06:43:46.043564Z  INFO scan_sources: tailwindcss_oxide::scanner: Discovering "C:\\Users\\sc998\\namos-chat-v1\\public\\window.svg"
2025-07-28T06:43:46.043770Z  INFO scan_sources: tailwindcss_oxide::scanner: Discovering "C:\\Users\\sc998\\namos-chat-v1\\README.md"
2025-07-28T06:43:46.044028Z  INFO scan_sources: tailwindcss_oxide::scanner: Discovering "C:\\Users\\sc998\\namos-chat-v1\\src"
2025-07-28T06:43:46.044578Z  INFO scan_sources: tailwindcss_oxide::scanner: Discovering "C:\\Users\\sc998\\namos-chat-v1\\src\\app"
2025-07-28T06:43:46.045089Z  INFO scan_sources: tailwindcss_oxide::scanner: Discovering "C:\\Users\\sc998\\namos-chat-v1\\src\\app\\api"
2025-07-28T06:43:46.045558Z  INFO scan_sources: tailwindcss_oxide::scanner: Discovering "C:\\Users\\sc998\\namos-chat-v1\\src\\app\\api\\auth"
2025-07-28T06:43:46.046026Z  INFO scan_sources: tailwindcss_oxide::scanner: Discovering "C:\\Users\\sc998\\namos-chat-v1\\src\\app\\api\\auth\\[...nextauth]"
2025-07-28T06:43:46.046449Z  INFO scan_sources: tailwindcss_oxide::scanner: Discovering "C:\\Users\\sc998\\namos-chat-v1\\src\\app\\api\\auth\\[...nextauth]\\route.ts"
2025-07-28T06:43:46.046772Z  INFO scan_sources: tailwindcss_oxide::scanner: Discovering "C:\\Users\\sc998\\namos-chat-v1\\src\\app\\api\\characters"
2025-07-28T06:43:46.047144Z  INFO scan_sources: tailwindcss_oxide::scanner: Discovering "C:\\Users\\sc998\\namos-chat-v1\\src\\app\\api\\characters\\route.ts"
2025-07-28T06:43:46.047423Z  INFO scan_sources: tailwindcss_oxide::scanner: Discovering "C:\\Users\\sc998\\namos-chat-v1\\src\\app\\api\\characters\\[id]"
2025-07-28T06:43:46.047897Z  INFO scan_sources: tailwindcss_oxide::scanner: Discovering "C:\\Users\\sc998\\namos-chat-v1\\src\\app\\api\\characters\\[id]\\import"
2025-07-28T06:43:46.048275Z  INFO scan_sources: tailwindcss_oxide::scanner: Discovering "C:\\Users\\sc998\\namos-chat-v1\\src\\app\\api\\characters\\[id]\\import\\route.ts"
2025-07-28T06:43:46.048465Z  INFO scan_sources: tailwindcss_oxide::scanner: Discovering "C:\\Users\\sc998\\namos-chat-v1\\src\\app\\api\\characters\\[id]\\route.ts"
2025-07-28T06:43:46.048761Z  INFO scan_sources: tailwindcss_oxide::scanner: Discovering "C:\\Users\\sc998\\namos-chat-v1\\src\\app\\api\\chat"
2025-07-28T06:43:46.049370Z  INFO scan_sources: tailwindcss_oxide::scanner: Discovering "C:\\Users\\sc998\\namos-chat-v1\\src\\app\\api\\chat\\[chatId]"
2025-07-28T06:43:46.049863Z  INFO scan_sources: tailwindcss_oxide::scanner: Discovering "C:\\Users\\sc998\\namos-chat-v1\\src\\app\\api\\chat\\[chatId]\\route.ts"
2025-07-28T06:43:46.050241Z  INFO scan_sources: tailwindcss_oxide::scanner: Discovering "C:\\Users\\sc998\\namos-chat-v1\\src\\app\\api\\chatlist"
2025-07-28T06:43:46.050851Z  INFO scan_sources: tailwindcss_oxide::scanner: Discovering "C:\\Users\\sc998\\namos-chat-v1\\src\\app\\api\\chatlist\\route.ts"
2025-07-28T06:43:46.051149Z  INFO scan_sources: tailwindcss_oxide::scanner: Discovering "C:\\Users\\sc998\\namos-chat-v1\\src\\app\\api\\chats"
2025-07-28T06:43:46.051694Z  INFO scan_sources: tailwindcss_oxide::scanner: Discovering "C:\\Users\\sc998\\namos-chat-v1\\src\\app\\api\\chats\\find-or-create"
2025-07-28T06:43:46.052112Z  INFO scan_sources: tailwindcss_oxide::scanner: Discovering "C:\\Users\\sc998\\namos-chat-v1\\src\\app\\api\\chats\\find-or-create\\route.ts"
2025-07-28T06:43:46.052298Z  INFO scan_sources: tailwindcss_oxide::scanner: Discovering "C:\\Users\\sc998\\namos-chat-v1\\src\\app\\api\\chats\\route.ts"
2025-07-28T06:43:46.052578Z  INFO scan_sources: tailwindcss_oxide::scanner: Discovering "C:\\Users\\sc998\\namos-chat-v1\\src\\app\\api\\dbtest"
2025-07-28T06:43:46.053058Z  INFO scan_sources: tailwindcss_oxide::scanner: Discovering "C:\\Users\\sc998\\namos-chat-v1\\src\\app\\api\\dbtest\\route.ts"
2025-07-28T06:43:46.053354Z  INFO scan_sources: tailwindcss_oxide::scanner: Discovering "C:\\Users\\sc998\\namos-chat-v1\\src\\app\\api\\hello"
2025-07-28T06:43:46.053721Z  INFO scan_sources: tailwindcss_oxide::scanner: Discovering "C:\\Users\\sc998\\namos-chat-v1\\src\\app\\api\\hello\\route.ts"
2025-07-28T06:43:46.054003Z  INFO scan_sources: tailwindcss_oxide::scanner: Discovering "C:\\Users\\sc998\\namos-chat-v1\\src\\app\\api\\main-page"
2025-07-28T06:43:46.054372Z  INFO scan_sources: tailwindcss_oxide::scanner: Discovering "C:\\Users\\sc998\\namos-chat-v1\\src\\app\\api\\main-page\\route.ts"
2025-07-28T06:43:46.054653Z  INFO scan_sources: tailwindcss_oxide::scanner: Discovering "C:\\Users\\sc998\\namos-chat-v1\\src\\app\\api\\profile"
2025-07-28T06:43:46.055173Z  INFO scan_sources: tailwindcss_oxide::scanner: Discovering "C:\\Users\\sc998\\namos-chat-v1\\src\\app\\api\\profile\\[userId]"
2025-07-28T06:43:46.055548Z  INFO scan_sources: tailwindcss_oxide::scanner: Discovering "C:\\Users\\sc998\\namos-chat-v1\\src\\app\\api\\profile\\[userId]\\route.ts"
2025-07-28T06:43:46.055846Z  INFO scan_sources: tailwindcss_oxide::scanner: Discovering "C:\\Users\\sc998\\namos-chat-v1\\src\\app\\api\\register"
2025-07-28T06:43:46.056228Z  INFO scan_sources: tailwindcss_oxide::scanner: Discovering "C:\\Users\\sc998\\namos-chat-v1\\src\\app\\api\\register\\route.ts"
2025-07-28T06:43:46.056504Z  INFO scan_sources: tailwindcss_oxide::scanner: Discovering "C:\\Users\\sc998\\namos-chat-v1\\src\\app\\api\\user"
2025-07-28T06:43:46.057012Z  INFO scan_sources: tailwindcss_oxide::scanner: Discovering "C:\\Users\\sc998\\namos-chat-v1\\src\\app\\api\\user\\points"
2025-07-28T06:43:46.057418Z  INFO scan_sources: tailwindcss_oxide::scanner: Discovering "C:\\Users\\sc998\\namos-chat-v1\\src\\app\\api\\user\\points\\route.ts"
2025-07-28T06:43:46.057746Z  INFO scan_sources: tailwindcss_oxide::scanner: Discovering "C:\\Users\\sc998\\namos-chat-v1\\src\\app\\character-management"
2025-07-28T06:43:46.058168Z  INFO scan_sources: tailwindcss_oxide::scanner: Discovering "C:\\Users\\sc998\\namos-chat-v1\\src\\app\\character-management\\page.tsx"
2025-07-28T06:43:46.058463Z  INFO scan_sources: tailwindcss_oxide::scanner: Discovering "C:\\Users\\sc998\\namos-chat-v1\\src\\app\\characters"
2025-07-28T06:43:46.058944Z  INFO scan_sources: tailwindcss_oxide::scanner: Discovering "C:\\Users\\sc998\\namos-chat-v1\\src\\app\\characters\\create"
2025-07-28T06:43:46.059330Z  INFO scan_sources: tailwindcss_oxide::scanner: Discovering "C:\\Users\\sc998\\namos-chat-v1\\src\\app\\characters\\create\\page.tsx"
2025-07-28T06:43:46.059610Z  INFO scan_sources: tailwindcss_oxide::scanner: Discovering "C:\\Users\\sc998\\namos-chat-v1\\src\\app\\characters\\edit"
2025-07-28T06:43:46.060066Z  INFO scan_sources: tailwindcss_oxide::scanner: Discovering "C:\\Users\\sc998\\namos-chat-v1\\src\\app\\characters\\edit\\[id]"
2025-07-28T06:43:46.060436Z  INFO scan_sources: tailwindcss_oxide::scanner: Discovering "C:\\Users\\sc998\\namos-chat-v1\\src\\app\\characters\\edit\\[id]\\page.tsx"
2025-07-28T06:43:46.060730Z  INFO scan_sources: tailwindcss_oxide::scanner: Discovering "C:\\Users\\sc998\\namos-chat-v1\\src\\app\\characters\\[characterId]"
2025-07-28T06:43:46.061101Z  INFO scan_sources: tailwindcss_oxide::scanner: Discovering "C:\\Users\\sc998\\namos-chat-v1\\src\\app\\characters\\[characterId]\\page.tsx"
2025-07-28T06:43:46.061396Z  INFO scan_sources: tailwindcss_oxide::scanner: Discovering "C:\\Users\\sc998\\namos-chat-v1\\src\\app\\chat"
2025-07-28T06:43:46.061851Z  INFO scan_sources: tailwindcss_oxide::scanner: Discovering "C:\\Users\\sc998\\namos-chat-v1\\src\\app\\chat\\[characterId]"
2025-07-28T06:43:46.062220Z  INFO scan_sources: tailwindcss_oxide::scanner: Discovering "C:\\Users\\sc998\\namos-chat-v1\\src\\app\\chat\\[characterId]\\page.tsx"
2025-07-28T06:43:46.062536Z  INFO scan_sources: tailwindcss_oxide::scanner: Discovering "C:\\Users\\sc998\\namos-chat-v1\\src\\app\\chatlist"
2025-07-28T06:43:46.062906Z  INFO scan_sources: tailwindcss_oxide::scanner: Discovering "C:\\Users\\sc998\\namos-chat-v1\\src\\app\\chatlist\\ChatListPage.css"
2025-07-28T06:43:46.063062Z  INFO scan_sources: tailwindcss_oxide::scanner: Discovering "C:\\Users\\sc998\\namos-chat-v1\\src\\app\\chatlist\\page.tsx"
2025-07-28T06:43:46.063251Z  INFO scan_sources: tailwindcss_oxide::scanner: Discovering "C:\\Users\\sc998\\namos-chat-v1\\src\\app\\globals.css"
2025-07-28T06:43:46.063453Z  INFO scan_sources: tailwindcss_oxide::scanner: Discovering "C:\\Users\\sc998\\namos-chat-v1\\src\\app\\layout.tsx"
2025-07-28T06:43:46.063703Z  INFO scan_sources: tailwindcss_oxide::scanner: Discovering "C:\\Users\\sc998\\namos-chat-v1\\src\\app\\login"
2025-07-28T06:43:46.064074Z  INFO scan_sources: tailwindcss_oxide::scanner: Discovering "C:\\Users\\sc998\\namos-chat-v1\\src\\app\\login\\page.tsx"
2025-07-28T06:43:46.064351Z  INFO scan_sources: tailwindcss_oxide::scanner: Discovering "C:\\Users\\sc998\\namos-chat-v1\\src\\app\\MyPage"
2025-07-28T06:43:46.064723Z  INFO scan_sources: tailwindcss_oxide::scanner: Discovering "C:\\Users\\sc998\\namos-chat-v1\\src\\app\\MyPage\\page.tsx"
2025-07-28T06:43:46.064908Z  INFO scan_sources: tailwindcss_oxide::scanner: Discovering "C:\\Users\\sc998\\namos-chat-v1\\src\\app\\page.tsx"
2025-07-28T06:43:46.065160Z  INFO scan_sources: tailwindcss_oxide::scanner: Discovering "C:\\Users\\sc998\\namos-chat-v1\\src\\app\\profile"
2025-07-28T06:43:46.065606Z  INFO scan_sources: tailwindcss_oxide::scanner: Discovering "C:\\Users\\sc998\\namos-chat-v1\\src\\app\\profile\\route.ts"
2025-07-28T06:43:46.065924Z  INFO scan_sources: tailwindcss_oxide::scanner: Discovering "C:\\Users\\sc998\\namos-chat-v1\\src\\app\\profile\\[userId]"
2025-07-28T06:43:46.066439Z  INFO scan_sources: tailwindcss_oxide::scanner: Discovering "C:\\Users\\sc998\\namos-chat-v1\\src\\app\\profile\\[userId]\\page.tsx"
2025-07-28T06:43:46.066744Z  INFO scan_sources: tailwindcss_oxide::scanner: Discovering "C:\\Users\\sc998\\namos-chat-v1\\src\\app\\profile-edit"
2025-07-28T06:43:46.067118Z  INFO scan_sources: tailwindcss_oxide::scanner: Discovering "C:\\Users\\sc998\\namos-chat-v1\\src\\app\\profile-edit\\page.tsx"
2025-07-28T06:43:46.067397Z  INFO scan_sources: tailwindcss_oxide::scanner: Discovering "C:\\Users\\sc998\\namos-chat-v1\\src\\app\\register"
2025-07-28T06:43:46.067764Z  INFO scan_sources: tailwindcss_oxide::scanner: Discovering "C:\\Users\\sc998\\namos-chat-v1\\src\\app\\register\\page.tsx"
2025-07-28T06:43:46.068039Z  INFO scan_sources: tailwindcss_oxide::scanner: Discovering "C:\\Users\\sc998\\namos-chat-v1\\src\\app\\user"
2025-07-28T06:43:46.068493Z  INFO scan_sources: tailwindcss_oxide::scanner: Discovering "C:\\Users\\sc998\\namos-chat-v1\\src\\app\\user\\profile"
2025-07-28T06:43:46.068863Z  INFO scan_sources: tailwindcss_oxide::scanner: Discovering "C:\\Users\\sc998\\namos-chat-v1\\src\\app\\user\\profile\\route.ts"
2025-07-28T06:43:46.069188Z  INFO scan_sources: tailwindcss_oxide::scanner: Discovering "C:\\Users\\sc998\\namos-chat-v1\\src\\components"
2025-07-28T06:43:46.069569Z  INFO scan_sources: tailwindcss_oxide::scanner: Discovering "C:\\Users\\sc998\\namos-chat-v1\\src\\components\\AppShell.tsx"
2025-07-28T06:43:46.069728Z  INFO scan_sources: tailwindcss_oxide::scanner: Discovering "C:\\Users\\sc998\\namos-chat-v1\\src\\components\\BottomNav.tsx"
2025-07-28T06:43:46.069888Z  INFO scan_sources: tailwindcss_oxide::scanner: Discovering "C:\\Users\\sc998\\namos-chat-v1\\src\\components\\CharacterCard.tsx"
2025-07-28T06:43:46.070045Z  INFO scan_sources: tailwindcss_oxide::scanner: Discovering "C:\\Users\\sc998\\namos-chat-v1\\src\\components\\CharacterForm.tsx"
2025-07-28T06:43:46.070226Z  INFO scan_sources: tailwindcss_oxide::scanner: Discovering "C:\\Users\\sc998\\namos-chat-v1\\src\\components\\CharacterRow.tsx"
2025-07-28T06:43:46.070384Z  INFO scan_sources: tailwindcss_oxide::scanner: Discovering "C:\\Users\\sc998\\namos-chat-v1\\src\\components\\Providers.tsx"
2025-07-28T06:43:46.070638Z  INFO scan_sources: tailwindcss_oxide::scanner: Discovering "C:\\Users\\sc998\\namos-chat-v1\\src\\components\\ui"
2025-07-28T06:43:46.071042Z  INFO scan_sources: tailwindcss_oxide::scanner: Discovering "C:\\Users\\sc998\\namos-chat-v1\\src\\components\\ui\\button.tsx"
2025-07-28T06:43:46.071199Z  INFO scan_sources: tailwindcss_oxide::scanner: Discovering "C:\\Users\\sc998\\namos-chat-v1\\src\\components\\ui\\card.tsx"
2025-07-28T06:43:46.071356Z  INFO scan_sources: tailwindcss_oxide::scanner: Discovering "C:\\Users\\sc998\\namos-chat-v1\\src\\components\\ui\\checkbox.tsx"
2025-07-28T06:43:46.071509Z  INFO scan_sources: tailwindcss_oxide::scanner: Discovering "C:\\Users\\sc998\\namos-chat-v1\\src\\components\\ui\\dialog.tsx"
2025-07-28T06:43:46.071667Z  INFO scan_sources: tailwindcss_oxide::scanner: Discovering "C:\\Users\\sc998\\namos-chat-v1\\src\\components\\ui\\input.tsx"
2025-07-28T06:43:46.071851Z  INFO scan_sources: tailwindcss_oxide::scanner: Discovering "C:\\Users\\sc998\\namos-chat-v1\\src\\components\\ui\\textarea.tsx"
2025-07-28T06:43:46.072148Z  INFO scan_sources: tailwindcss_oxide::scanner: Discovering "C:\\Users\\sc998\\namos-chat-v1\\src\\generated"
2025-07-28T06:43:46.072958Z  INFO scan_sources: tailwindcss_oxide::scanner: Discovering "C:\\Users\\sc998\\namos-chat-v1\\src\\lib"
2025-07-28T06:43:46.073328Z  INFO scan_sources: tailwindcss_oxide::scanner: Discovering "C:\\Users\\sc998\\namos-chat-v1\\src\\lib\\auth.ts"
2025-07-28T06:43:46.073577Z  INFO scan_sources: tailwindcss_oxide::scanner: Discovering "C:\\Users\\sc998\\namos-chat-v1\\src\\lib\\db"
2025-07-28T06:43:46.073944Z  INFO scan_sources: tailwindcss_oxide::scanner: Discovering "C:\\Users\\sc998\\namos-chat-v1\\src\\lib\\db\\db.ts"
2025-07-28T06:43:46.074130Z  INFO scan_sources: tailwindcss_oxide::scanner: Discovering "C:\\Users\\sc998\\namos-chat-v1\\src\\lib\\db.ts"
2025-07-28T06:43:46.074315Z  INFO scan_sources: tailwindcss_oxide::scanner: Discovering "C:\\Users\\sc998\\namos-chat-v1\\src\\lib\\prisma.ts"
2025-07-28T06:43:46.074469Z  INFO scan_sources: tailwindcss_oxide::scanner: Discovering "C:\\Users\\sc998\\namos-chat-v1\\src\\lib\\utils.ts"
2025-07-28T06:43:46.074880Z  INFO scan_sources: tailwindcss_oxide::scanner: Discovering "C:\\Users\\sc998\\namos-chat-v1\\tsconfig.json"
2025-07-28T06:43:46.075144Z  INFO scan_sources: tailwindcss_oxide::scanner: exit
2025-07-28T06:43:46.075159Z  INFO extract_candidates: tailwindcss_oxide::scanner: enter
2025-07-28T06:43:46.075171Z  INFO extract_candidates:read_all_files: tailwindcss_oxide::scanner: enter
2025-07-28T06:43:46.075176Z  INFO extract_candidates:read_all_files: tailwindcss_oxide::scanner: Reading 61 file(s)
2025-07-28T06:43:46.076749Z  INFO tailwindcss_oxide::scanner: Reading "C:\\Users\\sc998\\namos-chat-v1\\src\\app\\register\\page.tsx"
2025-07-28T06:43:46.076749Z  INFO tailwindcss_oxide::scanner: Reading "C:\\Users\\sc998\\namos-chat-v1\\src\\app\\api\\characters\\route.ts"
2025-07-28T06:43:46.076747Z  INFO tailwindcss_oxide::scanner: Reading "C:\\Users\\sc998\\namos-chat-v1\\src\\app\\characters\\edit\\[id]\\page.tsx"
2025-07-28T06:43:46.076747Z  INFO tailwindcss_oxide::scanner: Reading "C:\\Users\\sc998\\namos-chat-v1\\src\\app\\page.tsx"
2025-07-28T06:43:46.076832Z  INFO tailwindcss_oxide::scanner: Reading "C:\\Users\\sc998\\namos-chat-v1\\public\\file.svg"
2025-07-28T06:43:46.076810Z  INFO tailwindcss_oxide::scanner: Reading "C:\\Users\\sc998\\namos-chat-v1\\public\\vercel.svg"
2025-07-28T06:43:46.076804Z  INFO tailwindcss_oxide::scanner: Reading "C:\\Users\\sc998\\namos-chat-v1\\src\\app\\api\\dbtest\\route.ts"
2025-07-28T06:43:46.076792Z  INFO tailwindcss_oxide::scanner: Reading "C:\\Users\\sc998\\namos-chat-v1\\src\\components\\CharacterCard.tsx"
2025-07-28T06:43:46.076832Z  INFO tailwindcss_oxide::scanner: Reading "C:\\Users\\sc998\\namos-chat-v1\\eslint.config.mjs"
2025-07-28T06:43:46.076921Z  INFO tailwindcss_oxide::scanner: Reading "C:\\Users\\sc998\\namos-chat-v1\\components.json"
2025-07-28T06:43:46.076935Z  INFO tailwindcss_oxide::scanner: Reading "C:\\Users\\sc998\\namos-chat-v1\\package.json"
2025-07-28T06:43:46.076956Z  INFO tailwindcss_oxide::scanner: Reading "C:\\Users\\sc998\\namos-chat-v1\\next-auth.d.ts"
2025-07-28T06:43:46.076976Z  INFO tailwindcss_oxide::scanner: Reading "C:\\Users\\sc998\\namos-chat-v1\\src\\app\\api\\characters\\[id]\\import\\route.ts"
2025-07-28T06:43:46.076978Z  INFO tailwindcss_oxide::scanner: Reading "C:\\Users\\sc998\\namos-chat-v1\\src\\app\\profile\\route.ts"
2025-07-28T06:43:46.077026Z  INFO tailwindcss_oxide::scanner: Reading "C:\\Users\\sc998\\namos-chat-v1\\src\\app\\characters\\[characterId]\\page.tsx"
2025-07-28T06:43:46.077027Z  INFO tailwindcss_oxide::scanner: Reading "C:\\Users\\sc998\\namos-chat-v1\\src\\app\\user\\profile\\route.ts"
2025-07-28T06:43:46.077054Z  INFO tailwindcss_oxide::scanner: Reading "C:\\Users\\sc998\\namos-chat-v1\\public\\globe.svg"
2025-07-28T06:43:46.077050Z  INFO tailwindcss_oxide::scanner: Reading "C:\\Users\\sc998\\namos-chat-v1\\prisma\\schema.prisma"
2025-07-28T06:43:46.077082Z  INFO tailwindcss_oxide::scanner: Reading "C:\\Users\\sc998\\namos-chat-v1\\public\\window.svg"
2025-07-28T06:43:46.077082Z  INFO tailwindcss_oxide::scanner: Reading "C:\\Users\\sc998\\namos-chat-v1\\public\\next.svg"
2025-07-28T06:43:46.077100Z  INFO tailwindcss_oxide::scanner: Reading "C:\\Users\\sc998\\namos-chat-v1\\postcss.config.mjs"
2025-07-28T06:43:46.077133Z  INFO tailwindcss_oxide::scanner: Reading "C:\\Users\\sc998\\namos-chat-v1\\src\\app\\api\\hello\\route.ts"
2025-07-28T06:43:46.077103Z  INFO tailwindcss_oxide::scanner: Reading "C:\\Users\\sc998\\namos-chat-v1\\README.md"
2025-07-28T06:43:46.077151Z  INFO tailwindcss_oxide::scanner: Reading "C:\\Users\\sc998\\namos-chat-v1\\namos-chat\\README.md"
2025-07-28T06:43:46.077151Z  INFO tailwindcss_oxide::scanner: Reading "C:\\Users\\sc998\\namos-chat-v1\\src\\components\\CharacterForm.tsx"
2025-07-28T06:43:46.077169Z  INFO tailwindcss_oxide::scanner: Reading "C:\\Users\\sc998\\namos-chat-v1\\src\\components\\ui\\input.tsx"
2025-07-28T06:43:46.077188Z  INFO tailwindcss_oxide::scanner: Reading "C:\\Users\\sc998\\namos-chat-v1\\src\\components\\ui\\button.tsx"
2025-07-28T06:43:46.077173Z  INFO tailwindcss_oxide::scanner: Reading "C:\\Users\\sc998\\namos-chat-v1\\next.config.ts"
2025-07-28T06:43:46.077225Z  INFO tailwindcss_oxide::scanner: Reading "C:\\Users\\sc998\\namos-chat-v1\\src\\app\\profile\\[userId]\\page.tsx"
2025-07-28T06:43:46.077223Z  INFO tailwindcss_oxide::scanner: Reading "C:\\Users\\sc998\\namos-chat-v1\\src\\app\\api\\characters\\[id]\\route.ts"
2025-07-28T06:43:46.077237Z  INFO tailwindcss_oxide::scanner: Reading "C:\\Users\\sc998\\namos-chat-v1\\src\\app\\chat\\[characterId]\\page.tsx"
2025-07-28T06:43:46.077280Z  INFO tailwindcss_oxide::scanner: Reading "C:\\Users\\sc998\\namos-chat-v1\\src\\app\\profile-edit\\page.tsx"
2025-07-28T06:43:46.077294Z  INFO tailwindcss_oxide::scanner: Reading "C:\\Users\\sc998\\namos-chat-v1\\src\\components\\AppShell.tsx"
2025-07-28T06:43:46.077303Z  INFO tailwindcss_oxide::scanner: Reading "C:\\Users\\sc998\\namos-chat-v1\\src\\components\\CharacterRow.tsx"
2025-07-28T06:43:46.077317Z  INFO tailwindcss_oxide::scanner: Reading "C:\\Users\\sc998\\namos-chat-v1\\src\\app\\api\\chat\\[chatId]\\route.ts"
2025-07-28T06:43:46.077336Z  INFO tailwindcss_oxide::scanner: Reading "C:\\Users\\sc998\\namos-chat-v1\\src\\components\\Providers.tsx"
2025-07-28T06:43:46.077343Z  INFO tailwindcss_oxide::scanner: Reading "C:\\Users\\sc998\\namos-chat-v1\\src\\app\\api\\main-page\\route.ts"
2025-07-28T06:43:46.077342Z  INFO tailwindcss_oxide::scanner: Reading "C:\\Users\\sc998\\namos-chat-v1\\src\\lib\\db.ts"
2025-07-28T06:43:46.077355Z  INFO tailwindcss_oxide::scanner: Reading "C:\\Users\\sc998\\namos-chat-v1\\src\\app\\api\\auth\\[...nextauth]\\route.ts"
2025-07-28T06:43:46.077370Z  INFO tailwindcss_oxide::scanner: Reading "C:\\Users\\sc998\\namos-chat-v1\\src\\components\\BottomNav.tsx"
2025-07-28T06:43:46.077406Z  INFO tailwindcss_oxide::scanner: Reading "C:\\Users\\sc998\\namos-chat-v1\\src\\lib\\utils.ts"
2025-07-28T06:43:46.077416Z  INFO tailwindcss_oxide::scanner: Reading "C:\\Users\\sc998\\namos-chat-v1\\src\\components\\ui\\textarea.tsx"
2025-07-28T06:43:46.077434Z  INFO tailwindcss_oxide::scanner: Reading "C:\\Users\\sc998\\namos-chat-v1\\src\\components\\ui\\card.tsx"
2025-07-28T06:43:46.077434Z  INFO tailwindcss_oxide::scanner: Reading "C:\\Users\\sc998\\namos-chat-v1\\src\\components\\ui\\checkbox.tsx"
2025-07-28T06:43:46.077449Z  INFO tailwindcss_oxide::scanner: Reading "C:\\Users\\sc998\\namos-chat-v1\\tsconfig.json"
2025-07-28T06:43:46.077479Z  INFO tailwindcss_oxide::scanner: Reading "C:\\Users\\sc998\\namos-chat-v1\\src\\app\\api\\chats\\find-or-create\\route.ts"
2025-07-28T06:43:46.077499Z  INFO tailwindcss_oxide::scanner: Reading "C:\\Users\\sc998\\namos-chat-v1\\src\\lib\\prisma.ts"
2025-07-28T06:43:46.077504Z  INFO tailwindcss_oxide::scanner: Reading "C:\\Users\\sc998\\namos-chat-v1\\src\\app\\api\\chats\\route.ts"
2025-07-28T06:43:46.077513Z  INFO tailwindcss_oxide::scanner: Reading "C:\\Users\\sc998\\namos-chat-v1\\src\\app\\api\\register\\route.ts"
2025-07-28T06:43:46.077525Z  INFO tailwindcss_oxide::scanner: Reading "C:\\Users\\sc998\\namos-chat-v1\\src\\app\\api\\chatlist\\route.ts"
2025-07-28T06:43:46.077533Z  INFO tailwindcss_oxide::scanner: Reading "C:\\Users\\sc998\\namos-chat-v1\\src\\app\\chatlist\\page.tsx"
2025-07-28T06:43:46.077533Z  INFO tailwindcss_oxide::scanner: Reading "C:\\Users\\sc998\\namos-chat-v1\\src\\lib\\auth.ts"
2025-07-28T06:43:46.077548Z  INFO tailwindcss_oxide::scanner: Reading "C:\\Users\\sc998\\namos-chat-v1\\src\\app\\api\\profile\\[userId]\\route.ts"
2025-07-28T06:43:46.077558Z  INFO tailwindcss_oxide::scanner: Reading "C:\\Users\\sc998\\namos-chat-v1\\src\\app\\login\\page.tsx"
2025-07-28T06:43:46.077598Z  INFO tailwindcss_oxide::scanner: Reading "C:\\Users\\sc998\\namos-chat-v1\\src\\app\\layout.tsx"
2025-07-28T06:43:46.077604Z  INFO tailwindcss_oxide::scanner: Reading "C:\\Users\\sc998\\namos-chat-v1\\src\\app\\characters\\create\\page.tsx"
2025-07-28T06:43:46.077616Z  INFO tailwindcss_oxide::scanner: Reading "C:\\Users\\sc998\\namos-chat-v1\\src\\app\\character-management\\page.tsx"
2025-07-28T06:43:46.077620Z  INFO tailwindcss_oxide::scanner: Reading "C:\\Users\\sc998\\namos-chat-v1\\src\\components\\ui\\dialog.tsx"
2025-07-28T06:43:46.077676Z  INFO tailwindcss_oxide::scanner: Reading "C:\\Users\\sc998\\namos-chat-v1\\src\\app\\api\\user\\points\\route.ts"
2025-07-28T06:43:46.077624Z  INFO tailwindcss_oxide::scanner: Reading "C:\\Users\\sc998\\namos-chat-v1\\src\\lib\\db\\db.ts"
2025-07-28T06:43:46.077678Z  INFO tailwindcss_oxide::scanner: Reading "C:\\Users\\sc998\\namos-chat-v1\\src\\app\\MyPage\\page.tsx"
2025-07-28T06:43:46.077786Z  INFO extract_candidates:read_all_files: tailwindcss_oxide::scanner: exit
2025-07-28T06:43:46.077803Z  INFO extract_candidates:parse_all_blobs: tailwindcss_oxide::scanner: enter
2025-07-28T06:43:46.077829Z  INFO extract_candidates:parse_all_blobs:extract: tailwindcss_oxide::scanner: enter
2025-07-28T06:43:46.079452Z  INFO extract_candidates:parse_all_blobs:extract: tailwindcss_oxide::scanner: exit
2025-07-28T06:43:46.079472Z  INFO extract_candidates:parse_all_blobs: tailwindcss_oxide::scanner: exit
2025-07-28T06:43:46.079485Z  INFO extract_candidates:read_all_files: tailwindcss_oxide::scanner: enter
2025-07-28T06:43:46.079490Z  INFO extract_candidates:read_all_files: tailwindcss_oxide::scanner: Reading 2 file(s)
2025-07-28T06:43:46.079655Z  INFO tailwindcss_oxide::scanner: Reading "C:\\Users\\sc998\\namos-chat-v1\\src\\app\\chatlist\\ChatListPage.css"
2025-07-28T06:43:46.079663Z  INFO tailwindcss_oxide::scanner: Reading "C:\\Users\\sc998\\namos-chat-v1\\src\\app\\globals.css"
2025-07-28T06:43:46.079688Z  INFO extract_candidates:read_all_files: tailwindcss_oxide::scanner: exit
2025-07-28T06:43:46.079696Z  INFO extract_candidates:extract_css_variables: tailwindcss_oxide::scanner: enter
2025-07-28T06:43:46.079700Z  INFO extract_candidates:extract_css_variables:extract: tailwindcss_oxide::scanner: enter
2025-07-28T06:43:46.079811Z  INFO extract_candidates:extract_css_variables:extract: tailwindcss_oxide::scanner: exit
2025-07-28T06:43:46.079824Z  INFO extract_candidates:extract_css_variables: tailwindcss_oxide::scanner: exit
2025-07-28T06:43:46.080733Z  INFO extract_candidates: tailwindcss_oxide::scanner: exit
2025-07-28T06:43:46.081323Z  INFO get_files: tailwindcss_oxide::scanner: enter
2025-07-28T06:43:46.081333Z  INFO get_files:scan_sources: tailwindcss_oxide::scanner: enter
2025-07-28T06:43:46.085006Z  INFO get_files:scan_sources: tailwindcss_oxide::scanner: Discovering "C:\\Users\\sc998\\namos-chat-v1\\namos-chat"
2025-07-28T06:43:46.086812Z  INFO get_files:scan_sources: tailwindcss_oxide::scanner: Discovering "C:\\Users\\sc998\\namos-chat-v1\\prisma"
2025-07-28T06:43:46.087380Z  INFO get_files:scan_sources: tailwindcss_oxide::scanner: Discovering "C:\\Users\\sc998\\namos-chat-v1\\public"
2025-07-28T06:43:46.088092Z  INFO get_files:scan_sources: tailwindcss_oxide::scanner: Discovering "C:\\Users\\sc998\\namos-chat-v1\\public\\uploads"
2025-07-28T06:43:46.089123Z  INFO get_files:scan_sources: tailwindcss_oxide::scanner: Discovering "C:\\Users\\sc998\\namos-chat-v1\\src"
2025-07-28T06:43:46.089595Z  INFO get_files:scan_sources: tailwindcss_oxide::scanner: Discovering "C:\\Users\\sc998\\namos-chat-v1\\src\\app"
2025-07-28T06:43:46.090084Z  INFO get_files:scan_sources: tailwindcss_oxide::scanner: Discovering "C:\\Users\\sc998\\namos-chat-v1\\src\\app\\api"
2025-07-28T06:43:46.090555Z  INFO get_files:scan_sources: tailwindcss_oxide::scanner: Discovering "C:\\Users\\sc998\\namos-chat-v1\\src\\app\\api\\auth"
2025-07-28T06:43:46.091018Z  INFO get_files:scan_sources: tailwindcss_oxide::scanner: Discovering "C:\\Users\\sc998\\namos-chat-v1\\src\\app\\api\\auth\\[...nextauth]"
2025-07-28T06:43:46.091621Z  INFO get_files:scan_sources: tailwindcss_oxide::scanner: Discovering "C:\\Users\\sc998\\namos-chat-v1\\src\\app\\api\\characters"
2025-07-28T06:43:46.092170Z  INFO get_files:scan_sources: tailwindcss_oxide::scanner: Discovering "C:\\Users\\sc998\\namos-chat-v1\\src\\app\\api\\characters\\[id]"
2025-07-28T06:43:46.092642Z  INFO get_files:scan_sources: tailwindcss_oxide::scanner: Discovering "C:\\Users\\sc998\\namos-chat-v1\\src\\app\\api\\characters\\[id]\\import"
2025-07-28T06:43:46.093341Z  INFO get_files:scan_sources: tailwindcss_oxide::scanner: Discovering "C:\\Users\\sc998\\namos-chat-v1\\src\\app\\api\\chat"
2025-07-28T06:43:46.093805Z  INFO get_files:scan_sources: tailwindcss_oxide::scanner: Discovering "C:\\Users\\sc998\\namos-chat-v1\\src\\app\\api\\chat\\[chatId]"
2025-07-28T06:43:46.094392Z  INFO get_files:scan_sources: tailwindcss_oxide::scanner: Discovering "C:\\Users\\sc998\\namos-chat-v1\\src\\app\\api\\chatlist"
2025-07-28T06:43:46.094956Z  INFO get_files:scan_sources: tailwindcss_oxide::scanner: Discovering "C:\\Users\\sc998\\namos-chat-v1\\src\\app\\api\\chats"
2025-07-28T06:43:46.095461Z  INFO get_files:scan_sources: tailwindcss_oxide::scanner: Discovering "C:\\Users\\sc998\\namos-chat-v1\\src\\app\\api\\chats\\find-or-create"
2025-07-28T06:43:46.096132Z  INFO get_files:scan_sources: tailwindcss_oxide::scanner: Discovering "C:\\Users\\sc998\\namos-chat-v1\\src\\app\\api\\dbtest"
2025-07-28T06:43:46.096698Z  INFO get_files:scan_sources: tailwindcss_oxide::scanner: Discovering "C:\\Users\\sc998\\namos-chat-v1\\src\\app\\api\\hello"
2025-07-28T06:43:46.097262Z  INFO get_files:scan_sources: tailwindcss_oxide::scanner: Discovering "C:\\Users\\sc998\\namos-chat-v1\\src\\app\\api\\main-page"
2025-07-28T06:43:46.097830Z  INFO get_files:scan_sources: tailwindcss_oxide::scanner: Discovering "C:\\Users\\sc998\\namos-chat-v1\\src\\app\\api\\profile"
2025-07-28T06:43:46.098287Z  INFO get_files:scan_sources: tailwindcss_oxide::scanner: Discovering "C:\\Users\\sc998\\namos-chat-v1\\src\\app\\api\\profile\\[userId]"
2025-07-28T06:43:46.098875Z  INFO get_files:scan_sources: tailwindcss_oxide::scanner: Discovering "C:\\Users\\sc998\\namos-chat-v1\\src\\app\\api\\register"
2025-07-28T06:43:46.099622Z  INFO get_files:scan_sources: tailwindcss_oxide::scanner: Discovering "C:\\Users\\sc998\\namos-chat-v1\\src\\app\\api\\user"
2025-07-28T06:43:46.100178Z  INFO get_files:scan_sources: tailwindcss_oxide::scanner: Discovering "C:\\Users\\sc998\\namos-chat-v1\\src\\app\\api\\user\\points"
2025-07-28T06:43:46.100822Z  INFO get_files:scan_sources: tailwindcss_oxide::scanner: Discovering "C:\\Users\\sc998\\namos-chat-v1\\src\\app\\character-management"
2025-07-28T06:43:46.101398Z  INFO get_files:scan_sources: tailwindcss_oxide::scanner: Discovering "C:\\Users\\sc998\\namos-chat-v1\\src\\app\\characters"
2025-07-28T06:43:46.101860Z  INFO get_files:scan_sources: tailwindcss_oxide::scanner: Discovering "C:\\Users\\sc998\\namos-chat-v1\\src\\app\\characters\\create"
2025-07-28T06:43:46.102429Z  INFO get_files:scan_sources: tailwindcss_oxide::scanner: Discovering "C:\\Users\\sc998\\namos-chat-v1\\src\\app\\characters\\edit"
2025-07-28T06:43:46.102885Z  INFO get_files:scan_sources: tailwindcss_oxide::scanner: Discovering "C:\\Users\\sc998\\namos-chat-v1\\src\\app\\characters\\edit\\[id]"
2025-07-28T06:43:46.103466Z  INFO get_files:scan_sources: tailwindcss_oxide::scanner: Discovering "C:\\Users\\sc998\\namos-chat-v1\\src\\app\\characters\\[characterId]"
2025-07-28T06:43:46.104054Z  INFO get_files:scan_sources: tailwindcss_oxide::scanner: Discovering "C:\\Users\\sc998\\namos-chat-v1\\src\\app\\chat"
2025-07-28T06:43:46.104512Z  INFO get_files:scan_sources: tailwindcss_oxide::scanner: Discovering "C:\\Users\\sc998\\namos-chat-v1\\src\\app\\chat\\[characterId]"
2025-07-28T06:43:46.105100Z  INFO get_files:scan_sources: tailwindcss_oxide::scanner: Discovering "C:\\Users\\sc998\\namos-chat-v1\\src\\app\\chatlist"
2025-07-28T06:43:46.105918Z  INFO get_files:scan_sources: tailwindcss_oxide::scanner: Discovering "C:\\Users\\sc998\\namos-chat-v1\\src\\app\\login"
2025-07-28T06:43:46.106598Z  INFO get_files:scan_sources: tailwindcss_oxide::scanner: Discovering "C:\\Users\\sc998\\namos-chat-v1\\src\\app\\MyPage"
2025-07-28T06:43:46.107284Z  INFO get_files:scan_sources: tailwindcss_oxide::scanner: Discovering "C:\\Users\\sc998\\namos-chat-v1\\src\\app\\profile"
2025-07-28T06:43:46.107837Z  INFO get_files:scan_sources: tailwindcss_oxide::scanner: Discovering "C:\\Users\\sc998\\namos-chat-v1\\src\\app\\profile\\[userId]"
2025-07-28T06:43:46.108426Z  INFO get_files:scan_sources: tailwindcss_oxide::scanner: Discovering "C:\\Users\\sc998\\namos-chat-v1\\src\\app\\profile-edit"
2025-07-28T06:43:46.109012Z  INFO get_files:scan_sources: tailwindcss_oxide::scanner: Discovering "C:\\Users\\sc998\\namos-chat-v1\\src\\app\\register"
2025-07-28T06:43:46.109576Z  INFO get_files:scan_sources: tailwindcss_oxide::scanner: Discovering "C:\\Users\\sc998\\namos-chat-v1\\src\\app\\user"
2025-07-28T06:43:46.110029Z  INFO get_files:scan_sources: tailwindcss_oxide::scanner: Discovering "C:\\Users\\sc998\\namos-chat-v1\\src\\app\\user\\profile"
2025-07-28T06:43:46.110639Z  INFO get_files:scan_sources: tailwindcss_oxide::scanner: Discovering "C:\\Users\\sc998\\namos-chat-v1\\src\\components"
2025-07-28T06:43:46.111592Z  INFO get_files:scan_sources: tailwindcss_oxide::scanner: Discovering "C:\\Users\\sc998\\namos-chat-v1\\src\\components\\ui"
2025-07-28T06:43:46.112578Z  INFO get_files:scan_sources: tailwindcss_oxide::scanner: Discovering "C:\\Users\\sc998\\namos-chat-v1\\src\\generated"
2025-07-28T06:43:46.113392Z  INFO get_files:scan_sources: tailwindcss_oxide::scanner: Discovering "C:\\Users\\sc998\\namos-chat-v1\\src\\lib"
2025-07-28T06:43:46.113928Z  INFO get_files:scan_sources: tailwindcss_oxide::scanner: Discovering "C:\\Users\\sc998\\namos-chat-v1\\src\\lib\\db"
2025-07-28T06:43:46.115006Z  INFO get_files:scan_sources: tailwindcss_oxide::scanner: exit
2025-07-28T06:43:46.115187Z  INFO get_files: tailwindcss_oxide::scanner: exit
2025-07-28T06:43:46.115895Z  INFO get_globs: tailwindcss_oxide::scanner: enter
2025-07-28T06:43:46.115906Z  INFO get_globs:scan_sources: tailwindcss_oxide::scanner: enter
2025-07-28T06:43:46.119734Z  INFO get_globs:scan_sources: tailwindcss_oxide::scanner: Discovering "C:\\Users\\sc998\\namos-chat-v1\\namos-chat"
2025-07-28T06:43:46.121461Z  INFO get_globs:scan_sources: tailwindcss_oxide::scanner: Discovering "C:\\Users\\sc998\\namos-chat-v1\\prisma"
2025-07-28T06:43:46.122097Z  INFO get_globs:scan_sources: tailwindcss_oxide::scanner: Discovering "C:\\Users\\sc998\\namos-chat-v1\\public"
2025-07-28T06:43:46.122896Z  INFO get_globs:scan_sources: tailwindcss_oxide::scanner: Discovering "C:\\Users\\sc998\\namos-chat-v1\\public\\uploads"
2025-07-28T06:43:46.123945Z  INFO get_globs:scan_sources: tailwindcss_oxide::scanner: Discovering "C:\\Users\\sc998\\namos-chat-v1\\src"
2025-07-28T06:43:46.124424Z  INFO get_globs:scan_sources: tailwindcss_oxide::scanner: Discovering "C:\\Users\\sc998\\namos-chat-v1\\src\\app"
2025-07-28T06:43:46.124912Z  INFO get_globs:scan_sources: tailwindcss_oxide::scanner: Discovering "C:\\Users\\sc998\\namos-chat-v1\\src\\app\\api"
2025-07-28T06:43:46.125394Z  INFO get_globs:scan_sources: tailwindcss_oxide::scanner: Discovering "C:\\Users\\sc998\\namos-chat-v1\\src\\app\\api\\auth"
2025-07-28T06:43:46.125897Z  INFO get_globs:scan_sources: tailwindcss_oxide::scanner: Discovering "C:\\Users\\sc998\\namos-chat-v1\\src\\app\\api\\auth\\[...nextauth]"
2025-07-28T06:43:46.126577Z  INFO get_globs:scan_sources: tailwindcss_oxide::scanner: Discovering "C:\\Users\\sc998\\namos-chat-v1\\src\\app\\api\\characters"
2025-07-28T06:43:46.127214Z  INFO get_globs:scan_sources: tailwindcss_oxide::scanner: Discovering "C:\\Users\\sc998\\namos-chat-v1\\src\\app\\api\\characters\\[id]"
2025-07-28T06:43:46.127692Z  INFO get_globs:scan_sources: tailwindcss_oxide::scanner: Discovering "C:\\Users\\sc998\\namos-chat-v1\\src\\app\\api\\characters\\[id]\\import"
2025-07-28T06:43:46.128407Z  INFO get_globs:scan_sources: tailwindcss_oxide::scanner: Discovering "C:\\Users\\sc998\\namos-chat-v1\\src\\app\\api\\chat"
2025-07-28T06:43:46.128972Z  INFO get_globs:scan_sources: tailwindcss_oxide::scanner: Discovering "C:\\Users\\sc998\\namos-chat-v1\\src\\app\\api\\chat\\[chatId]"
2025-07-28T06:43:46.129575Z  INFO get_globs:scan_sources: tailwindcss_oxide::scanner: Discovering "C:\\Users\\sc998\\namos-chat-v1\\src\\app\\api\\chatlist"
2025-07-28T06:43:46.130167Z  INFO get_globs:scan_sources: tailwindcss_oxide::scanner: Discovering "C:\\Users\\sc998\\namos-chat-v1\\src\\app\\api\\chats"
2025-07-28T06:43:46.130636Z  INFO get_globs:scan_sources: tailwindcss_oxide::scanner: Discovering "C:\\Users\\sc998\\namos-chat-v1\\src\\app\\api\\chats\\find-or-create"
2025-07-28T06:43:46.131337Z  INFO get_globs:scan_sources: tailwindcss_oxide::scanner: Discovering "C:\\Users\\sc998\\namos-chat-v1\\src\\app\\api\\dbtest"
2025-07-28T06:43:46.131920Z  INFO get_globs:scan_sources: tailwindcss_oxide::scanner: Discovering "C:\\Users\\sc998\\namos-chat-v1\\src\\app\\api\\hello"
2025-07-28T06:43:46.132866Z  INFO get_globs:scan_sources: tailwindcss_oxide::scanner: Discovering "C:\\Users\\sc998\\namos-chat-v1\\src\\app\\api\\main-page"
2025-07-28T06:43:46.133541Z  INFO get_globs:scan_sources: tailwindcss_oxide::scanner: Discovering "C:\\Users\\sc998\\namos-chat-v1\\src\\app\\api\\profile"
2025-07-28T06:43:46.134091Z  INFO get_globs:scan_sources: tailwindcss_oxide::scanner: Discovering "C:\\Users\\sc998\\namos-chat-v1\\src\\app\\api\\profile\\[userId]"
2025-07-28T06:43:46.134769Z  INFO get_globs:scan_sources: tailwindcss_oxide::scanner: Discovering "C:\\Users\\sc998\\namos-chat-v1\\src\\app\\api\\register"
2025-07-28T06:43:46.135488Z  INFO get_globs:scan_sources: tailwindcss_oxide::scanner: Discovering "C:\\Users\\sc998\\namos-chat-v1\\src\\app\\api\\user"
2025-07-28T06:43:46.135976Z  INFO get_globs:scan_sources: tailwindcss_oxide::scanner: Discovering "C:\\Users\\sc998\\namos-chat-v1\\src\\app\\api\\user\\points"
2025-07-28T06:43:46.136606Z  INFO get_globs:scan_sources: tailwindcss_oxide::scanner: Discovering "C:\\Users\\sc998\\namos-chat-v1\\src\\app\\character-management"
2025-07-28T06:43:46.137218Z  INFO get_globs:scan_sources: tailwindcss_oxide::scanner: Discovering "C:\\Users\\sc998\\namos-chat-v1\\src\\app\\characters"
2025-07-28T06:43:46.137700Z  INFO get_globs:scan_sources: tailwindcss_oxide::scanner: Discovering "C:\\Users\\sc998\\namos-chat-v1\\src\\app\\characters\\create"
2025-07-28T06:43:46.138284Z  INFO get_globs:scan_sources: tailwindcss_oxide::scanner: Discovering "C:\\Users\\sc998\\namos-chat-v1\\src\\app\\characters\\edit"
2025-07-28T06:43:46.138749Z  INFO get_globs:scan_sources: tailwindcss_oxide::scanner: Discovering "C:\\Users\\sc998\\namos-chat-v1\\src\\app\\characters\\edit\\[id]"
2025-07-28T06:43:46.139400Z  INFO get_globs:scan_sources: tailwindcss_oxide::scanner: Discovering "C:\\Users\\sc998\\namos-chat-v1\\src\\app\\characters\\[characterId]"
2025-07-28T06:43:46.139999Z  INFO get_globs:scan_sources: tailwindcss_oxide::scanner: Discovering "C:\\Users\\sc998\\namos-chat-v1\\src\\app\\chat"
2025-07-28T06:43:46.140470Z  INFO get_globs:scan_sources: tailwindcss_oxide::scanner: Discovering "C:\\Users\\sc998\\namos-chat-v1\\src\\app\\chat\\[characterId]"
2025-07-28T06:43:46.141121Z  INFO get_globs:scan_sources: tailwindcss_oxide::scanner: Discovering "C:\\Users\\sc998\\namos-chat-v1\\src\\app\\chatlist"
2025-07-28T06:43:46.141953Z  INFO get_globs:scan_sources: tailwindcss_oxide::scanner: Discovering "C:\\Users\\sc998\\namos-chat-v1\\src\\app\\login"
2025-07-28T06:43:46.142529Z  INFO get_globs:scan_sources: tailwindcss_oxide::scanner: Discovering "C:\\Users\\sc998\\namos-chat-v1\\src\\app\\MyPage"
2025-07-28T06:43:46.143271Z  INFO get_globs:scan_sources: tailwindcss_oxide::scanner: Discovering "C:\\Users\\sc998\\namos-chat-v1\\src\\app\\profile"
2025-07-28T06:43:46.143821Z  INFO get_globs:scan_sources: tailwindcss_oxide::scanner: Discovering "C:\\Users\\sc998\\namos-chat-v1\\src\\app\\profile\\[userId]"
2025-07-28T06:43:46.144418Z  INFO get_globs:scan_sources: tailwindcss_oxide::scanner: Discovering "C:\\Users\\sc998\\namos-chat-v1\\src\\app\\profile-edit"
2025-07-28T06:43:46.145003Z  INFO get_globs:scan_sources: tailwindcss_oxide::scanner: Discovering "C:\\Users\\sc998\\namos-chat-v1\\src\\app\\register"
2025-07-28T06:43:46.145578Z  INFO get_globs:scan_sources: tailwindcss_oxide::scanner: Discovering "C:\\Users\\sc998\\namos-chat-v1\\src\\app\\user"
2025-07-28T06:43:46.146047Z  INFO get_globs:scan_sources: tailwindcss_oxide::scanner: Discovering "C:\\Users\\sc998\\namos-chat-v1\\src\\app\\user\\profile"
2025-07-28T06:43:46.146669Z  INFO get_globs:scan_sources: tailwindcss_oxide::scanner: Discovering "C:\\Users\\sc998\\namos-chat-v1\\src\\components"
2025-07-28T06:43:46.147635Z  INFO get_globs:scan_sources: tailwindcss_oxide::scanner: Discovering "C:\\Users\\sc998\\namos-chat-v1\\src\\components\\ui"
2025-07-28T06:43:46.148694Z  INFO get_globs:scan_sources: tailwindcss_oxide::scanner: Discovering "C:\\Users\\sc998\\namos-chat-v1\\src\\generated"
2025-07-28T06:43:46.149713Z  INFO get_globs:scan_sources: tailwindcss_oxide::scanner: Discovering "C:\\Users\\sc998\\namos-chat-v1\\src\\lib"
2025-07-28T06:43:46.150504Z  INFO get_globs:scan_sources: tailwindcss_oxide::scanner: Discovering "C:\\Users\\sc998\\namos-chat-v1\\src\\lib\\db"
2025-07-28T06:43:46.151692Z  INFO get_globs:scan_sources: tailwindcss_oxide::scanner: exit
2025-07-28T06:43:46.204997Z  INFO get_globs: tailwindcss_oxide::scanner: exit
