2025-07-17T09:39:03.381040Z  INFO tailwindcss_oxide::scanner: Provided sources:
2025-07-17T09:39:03.381174Z  INFO tailwindcss_oxide::scanner: Source: PublicSourceEntry { base: "C:\\Users\\sc998\\namos-chat-v1", pattern: "**/*", negated: false }
2025-07-17T09:39:03.381401Z  INFO tailwindcss_oxide::scanner: Optimized sources:
2025-07-17T09:39:03.381420Z  INFO tailwindcss_oxide::scanner: Source: Auto { base: "C:\\Users\\sc998\\namos-chat-v1" }
2025-07-17T09:39:03.384153Z  INFO scan_sources: tailwindcss_oxide::scanner: enter
2025-07-17T09:39:03.387931Z  INFO scan_sources: tailwindcss_oxide::scanner: Discovering "C:\\Users\\sc998\\namos-chat-v1\\components.json"
2025-07-17T09:39:03.388550Z  INFO scan_sources: tailwindcss_oxide::scanner: Discovering "C:\\Users\\sc998\\namos-chat-v1\\eslint.config.mjs"
2025-07-17T09:39:03.388879Z  INFO scan_sources: tailwindcss_oxide::scanner: Discovering "C:\\Users\\sc998\\namos-chat-v1\\namos-chat"
2025-07-17T09:39:03.389990Z  INFO scan_sources: tailwindcss_oxide::scanner: Discovering "C:\\Users\\sc998\\namos-chat-v1\\namos-chat\\README.md"
2025-07-17T09:39:03.390544Z  INFO scan_sources: tailwindcss_oxide::scanner: Discovering "C:\\Users\\sc998\\namos-chat-v1\\next-auth.d.ts"
2025-07-17T09:39:03.390930Z  INFO scan_sources: tailwindcss_oxide::scanner: Discovering "C:\\Users\\sc998\\namos-chat-v1\\next.config.ts"
2025-07-17T09:39:03.391906Z  INFO scan_sources: tailwindcss_oxide::scanner: Discovering "C:\\Users\\sc998\\namos-chat-v1\\package.json"
2025-07-17T09:39:03.392136Z  INFO scan_sources: tailwindcss_oxide::scanner: Discovering "C:\\Users\\sc998\\namos-chat-v1\\postcss.config.mjs"
2025-07-17T09:39:03.392485Z  INFO scan_sources: tailwindcss_oxide::scanner: Discovering "C:\\Users\\sc998\\namos-chat-v1\\prisma"
2025-07-17T09:39:03.392996Z  INFO scan_sources: tailwindcss_oxide::scanner: Discovering "C:\\Users\\sc998\\namos-chat-v1\\prisma\\schema.prisma"
2025-07-17T09:39:03.393344Z  INFO scan_sources: tailwindcss_oxide::scanner: Discovering "C:\\Users\\sc998\\namos-chat-v1\\public"
2025-07-17T09:39:03.393850Z  INFO scan_sources: tailwindcss_oxide::scanner: Discovering "C:\\Users\\sc998\\namos-chat-v1\\public\\file.svg"
2025-07-17T09:39:03.394034Z  INFO scan_sources: tailwindcss_oxide::scanner: Discovering "C:\\Users\\sc998\\namos-chat-v1\\public\\globe.svg"
2025-07-17T09:39:03.394210Z  INFO scan_sources: tailwindcss_oxide::scanner: Discovering "C:\\Users\\sc998\\namos-chat-v1\\public\\next.svg"
2025-07-17T09:39:03.394550Z  INFO scan_sources: tailwindcss_oxide::scanner: Discovering "C:\\Users\\sc998\\namos-chat-v1\\public\\uploads"
2025-07-17T09:39:03.395296Z  INFO scan_sources: tailwindcss_oxide::scanner: Discovering "C:\\Users\\sc998\\namos-chat-v1\\public\\vercel.svg"
2025-07-17T09:39:03.395473Z  INFO scan_sources: tailwindcss_oxide::scanner: Discovering "C:\\Users\\sc998\\namos-chat-v1\\public\\window.svg"
2025-07-17T09:39:03.395674Z  INFO scan_sources: tailwindcss_oxide::scanner: Discovering "C:\\Users\\sc998\\namos-chat-v1\\README.md"
2025-07-17T09:39:03.395976Z  INFO scan_sources: tailwindcss_oxide::scanner: Discovering "C:\\Users\\sc998\\namos-chat-v1\\src"
2025-07-17T09:39:03.396573Z  INFO scan_sources: tailwindcss_oxide::scanner: Discovering "C:\\Users\\sc998\\namos-chat-v1\\src\\app"
2025-07-17T09:39:03.397150Z  INFO scan_sources: tailwindcss_oxide::scanner: Discovering "C:\\Users\\sc998\\namos-chat-v1\\src\\app\\api"
2025-07-17T09:39:03.397794Z  INFO scan_sources: tailwindcss_oxide::scanner: Discovering "C:\\Users\\sc998\\namos-chat-v1\\src\\app\\api\\auth"
2025-07-17T09:39:03.398373Z  INFO scan_sources: tailwindcss_oxide::scanner: Discovering "C:\\Users\\sc998\\namos-chat-v1\\src\\app\\api\\auth\\[...nextauth]"
2025-07-17T09:39:03.398833Z  INFO scan_sources: tailwindcss_oxide::scanner: Discovering "C:\\Users\\sc998\\namos-chat-v1\\src\\app\\api\\auth\\[...nextauth]\\route.ts"
2025-07-17T09:39:03.399186Z  INFO scan_sources: tailwindcss_oxide::scanner: Discovering "C:\\Users\\sc998\\namos-chat-v1\\src\\app\\api\\characters"
2025-07-17T09:39:03.399643Z  INFO scan_sources: tailwindcss_oxide::scanner: Discovering "C:\\Users\\sc998\\namos-chat-v1\\src\\app\\api\\characters\\route.ts"
2025-07-17T09:39:03.400017Z  INFO scan_sources: tailwindcss_oxide::scanner: Discovering "C:\\Users\\sc998\\namos-chat-v1\\src\\app\\api\\characters\\[id]"
2025-07-17T09:39:03.400600Z  INFO scan_sources: tailwindcss_oxide::scanner: Discovering "C:\\Users\\sc998\\namos-chat-v1\\src\\app\\api\\characters\\[id]\\import"
2025-07-17T09:39:03.401193Z  INFO scan_sources: tailwindcss_oxide::scanner: Discovering "C:\\Users\\sc998\\namos-chat-v1\\src\\app\\api\\characters\\[id]\\import\\route.ts"
2025-07-17T09:39:03.401398Z  INFO scan_sources: tailwindcss_oxide::scanner: Discovering "C:\\Users\\sc998\\namos-chat-v1\\src\\app\\api\\characters\\[id]\\route.ts"
2025-07-17T09:39:03.401784Z  INFO scan_sources: tailwindcss_oxide::scanner: Discovering "C:\\Users\\sc998\\namos-chat-v1\\src\\app\\api\\chat"
2025-07-17T09:39:03.402304Z  INFO scan_sources: tailwindcss_oxide::scanner: Discovering "C:\\Users\\sc998\\namos-chat-v1\\src\\app\\api\\chat\\route.ts"
2025-07-17T09:39:03.402636Z  INFO scan_sources: tailwindcss_oxide::scanner: Discovering "C:\\Users\\sc998\\namos-chat-v1\\src\\app\\api\\dbtest"
2025-07-17T09:39:03.403136Z  INFO scan_sources: tailwindcss_oxide::scanner: Discovering "C:\\Users\\sc998\\namos-chat-v1\\src\\app\\api\\dbtest\\route.ts"
2025-07-17T09:39:03.403457Z  INFO scan_sources: tailwindcss_oxide::scanner: Discovering "C:\\Users\\sc998\\namos-chat-v1\\src\\app\\api\\hello"
2025-07-17T09:39:03.403967Z  INFO scan_sources: tailwindcss_oxide::scanner: Discovering "C:\\Users\\sc998\\namos-chat-v1\\src\\app\\api\\hello\\route.ts"
2025-07-17T09:39:03.404295Z  INFO scan_sources: tailwindcss_oxide::scanner: Discovering "C:\\Users\\sc998\\namos-chat-v1\\src\\app\\api\\register"
2025-07-17T09:39:03.404809Z  INFO scan_sources: tailwindcss_oxide::scanner: Discovering "C:\\Users\\sc998\\namos-chat-v1\\src\\app\\api\\register\\route.ts"
2025-07-17T09:39:03.405134Z  INFO scan_sources: tailwindcss_oxide::scanner: Discovering "C:\\Users\\sc998\\namos-chat-v1\\src\\app\\api\\user"
2025-07-17T09:39:03.405720Z  INFO scan_sources: tailwindcss_oxide::scanner: Discovering "C:\\Users\\sc998\\namos-chat-v1\\src\\app\\api\\user\\points"
2025-07-17T09:39:03.406192Z  INFO scan_sources: tailwindcss_oxide::scanner: Discovering "C:\\Users\\sc998\\namos-chat-v1\\src\\app\\api\\user\\points\\route.ts"
2025-07-17T09:39:03.406618Z  INFO scan_sources: tailwindcss_oxide::scanner: Discovering "C:\\Users\\sc998\\namos-chat-v1\\src\\app\\character-management"
2025-07-17T09:39:03.407532Z  INFO scan_sources: tailwindcss_oxide::scanner: Discovering "C:\\Users\\sc998\\namos-chat-v1\\src\\app\\character-management\\page.tsx"
2025-07-17T09:39:03.407971Z  INFO scan_sources: tailwindcss_oxide::scanner: Discovering "C:\\Users\\sc998\\namos-chat-v1\\src\\app\\characters"
2025-07-17T09:39:03.408778Z  INFO scan_sources: tailwindcss_oxide::scanner: Discovering "C:\\Users\\sc998\\namos-chat-v1\\src\\app\\characters\\create"
2025-07-17T09:39:03.409303Z  INFO scan_sources: tailwindcss_oxide::scanner: Discovering "C:\\Users\\sc998\\namos-chat-v1\\src\\app\\characters\\create\\page.tsx"
2025-07-17T09:39:03.409632Z  INFO scan_sources: tailwindcss_oxide::scanner: Discovering "C:\\Users\\sc998\\namos-chat-v1\\src\\app\\characters\\edit"
2025-07-17T09:39:03.410370Z  INFO scan_sources: tailwindcss_oxide::scanner: Discovering "C:\\Users\\sc998\\namos-chat-v1\\src\\app\\characters\\edit\\[id]"
2025-07-17T09:39:03.410938Z  INFO scan_sources: tailwindcss_oxide::scanner: Discovering "C:\\Users\\sc998\\namos-chat-v1\\src\\app\\characters\\edit\\[id]\\page.tsx"
2025-07-17T09:39:03.411610Z  INFO scan_sources: tailwindcss_oxide::scanner: Discovering "C:\\Users\\sc998\\namos-chat-v1\\src\\app\\chat"
2025-07-17T09:39:03.412197Z  INFO scan_sources: tailwindcss_oxide::scanner: Discovering "C:\\Users\\sc998\\namos-chat-v1\\src\\app\\chat\\[characterId]"
2025-07-17T09:39:03.412739Z  INFO scan_sources: tailwindcss_oxide::scanner: Discovering "C:\\Users\\sc998\\namos-chat-v1\\src\\app\\chat\\[characterId]\\page.tsx"
2025-07-17T09:39:03.413004Z  INFO scan_sources: tailwindcss_oxide::scanner: Discovering "C:\\Users\\sc998\\namos-chat-v1\\src\\app\\globals.css"
2025-07-17T09:39:03.413187Z  INFO scan_sources: tailwindcss_oxide::scanner: Discovering "C:\\Users\\sc998\\namos-chat-v1\\src\\app\\layout.tsx"
2025-07-17T09:39:03.413515Z  INFO scan_sources: tailwindcss_oxide::scanner: Discovering "C:\\Users\\sc998\\namos-chat-v1\\src\\app\\login"
2025-07-17T09:39:03.413955Z  INFO scan_sources: tailwindcss_oxide::scanner: Discovering "C:\\Users\\sc998\\namos-chat-v1\\src\\app\\login\\page.tsx"
2025-07-17T09:39:03.414272Z  INFO scan_sources: tailwindcss_oxide::scanner: Discovering "C:\\Users\\sc998\\namos-chat-v1\\src\\app\\MyPage"
2025-07-17T09:39:03.414751Z  INFO scan_sources: tailwindcss_oxide::scanner: Discovering "C:\\Users\\sc998\\namos-chat-v1\\src\\app\\MyPage\\page.tsx"
2025-07-17T09:39:03.414950Z  INFO scan_sources: tailwindcss_oxide::scanner: Discovering "C:\\Users\\sc998\\namos-chat-v1\\src\\app\\page.tsx"
2025-07-17T09:39:03.415237Z  INFO scan_sources: tailwindcss_oxide::scanner: Discovering "C:\\Users\\sc998\\namos-chat-v1\\src\\app\\register"
2025-07-17T09:39:03.415727Z  INFO scan_sources: tailwindcss_oxide::scanner: Discovering "C:\\Users\\sc998\\namos-chat-v1\\src\\app\\register\\page.tsx"
2025-07-17T09:39:03.416266Z  INFO scan_sources: tailwindcss_oxide::scanner: Discovering "C:\\Users\\sc998\\namos-chat-v1\\src\\components"
2025-07-17T09:39:03.416810Z  INFO scan_sources: tailwindcss_oxide::scanner: Discovering "C:\\Users\\sc998\\namos-chat-v1\\src\\components\\AppShell.tsx"
2025-07-17T09:39:03.416982Z  INFO scan_sources: tailwindcss_oxide::scanner: Discovering "C:\\Users\\sc998\\namos-chat-v1\\src\\components\\BottomNav.tsx"
2025-07-17T09:39:03.417153Z  INFO scan_sources: tailwindcss_oxide::scanner: Discovering "C:\\Users\\sc998\\namos-chat-v1\\src\\components\\CharacterForm.tsx"
2025-07-17T09:39:03.417393Z  INFO scan_sources: tailwindcss_oxide::scanner: Discovering "C:\\Users\\sc998\\namos-chat-v1\\src\\components\\Providers.tsx"
2025-07-17T09:39:03.417683Z  INFO scan_sources: tailwindcss_oxide::scanner: Discovering "C:\\Users\\sc998\\namos-chat-v1\\src\\components\\ui"
2025-07-17T09:39:03.418136Z  INFO scan_sources: tailwindcss_oxide::scanner: Discovering "C:\\Users\\sc998\\namos-chat-v1\\src\\components\\ui\\button.tsx"
2025-07-17T09:39:03.418307Z  INFO scan_sources: tailwindcss_oxide::scanner: Discovering "C:\\Users\\sc998\\namos-chat-v1\\src\\components\\ui\\card.tsx"
2025-07-17T09:39:03.418473Z  INFO scan_sources: tailwindcss_oxide::scanner: Discovering "C:\\Users\\sc998\\namos-chat-v1\\src\\components\\ui\\checkbox.tsx"
2025-07-17T09:39:03.418639Z  INFO scan_sources: tailwindcss_oxide::scanner: Discovering "C:\\Users\\sc998\\namos-chat-v1\\src\\components\\ui\\dialog.tsx"
2025-07-17T09:39:03.418905Z  INFO scan_sources: tailwindcss_oxide::scanner: Discovering "C:\\Users\\sc998\\namos-chat-v1\\src\\components\\ui\\input.tsx"
2025-07-17T09:39:03.419152Z  INFO scan_sources: tailwindcss_oxide::scanner: Discovering "C:\\Users\\sc998\\namos-chat-v1\\src\\components\\ui\\textarea.tsx"
2025-07-17T09:39:03.419595Z  INFO scan_sources: tailwindcss_oxide::scanner: Discovering "C:\\Users\\sc998\\namos-chat-v1\\src\\generated"
2025-07-17T09:39:03.420662Z  INFO scan_sources: tailwindcss_oxide::scanner: Discovering "C:\\Users\\sc998\\namos-chat-v1\\src\\lib"
2025-07-17T09:39:03.421182Z  INFO scan_sources: tailwindcss_oxide::scanner: Discovering "C:\\Users\\sc998\\namos-chat-v1\\src\\lib\\auth.ts"
2025-07-17T09:39:03.421472Z  INFO scan_sources: tailwindcss_oxide::scanner: Discovering "C:\\Users\\sc998\\namos-chat-v1\\src\\lib\\db"
2025-07-17T09:39:03.421907Z  INFO scan_sources: tailwindcss_oxide::scanner: Discovering "C:\\Users\\sc998\\namos-chat-v1\\src\\lib\\db\\db.ts"
2025-07-17T09:39:03.422103Z  INFO scan_sources: tailwindcss_oxide::scanner: Discovering "C:\\Users\\sc998\\namos-chat-v1\\src\\lib\\db.ts"
2025-07-17T09:39:03.422268Z  INFO scan_sources: tailwindcss_oxide::scanner: Discovering "C:\\Users\\sc998\\namos-chat-v1\\src\\lib\\prisma.ts"
2025-07-17T09:39:03.422432Z  INFO scan_sources: tailwindcss_oxide::scanner: Discovering "C:\\Users\\sc998\\namos-chat-v1\\src\\lib\\utils.ts"
2025-07-17T09:39:03.422796Z  INFO scan_sources: tailwindcss_oxide::scanner: Discovering "C:\\Users\\sc998\\namos-chat-v1\\tsconfig.json"
2025-07-17T09:39:03.423004Z  INFO scan_sources: tailwindcss_oxide::scanner: exit
2025-07-17T09:39:03.423019Z  INFO extract_candidates: tailwindcss_oxide::scanner: enter
2025-07-17T09:39:03.423029Z  INFO extract_candidates:read_all_files: tailwindcss_oxide::scanner: enter
2025-07-17T09:39:03.423033Z  INFO extract_candidates:read_all_files: tailwindcss_oxide::scanner: Reading 48 file(s)
2025-07-17T09:39:03.424659Z  INFO tailwindcss_oxide::scanner: Reading "C:\\Users\\sc998\\namos-chat-v1\\src\\app\\api\\characters\\route.ts"
2025-07-17T09:39:03.424745Z  INFO tailwindcss_oxide::scanner: Reading "C:\\Users\\sc998\\namos-chat-v1\\src\\app\\layout.tsx"
2025-07-17T09:39:03.424743Z  INFO tailwindcss_oxide::scanner: Reading "C:\\Users\\sc998\\namos-chat-v1\\public\\globe.svg"
2025-07-17T09:39:03.424773Z  INFO tailwindcss_oxide::scanner: Reading "C:\\Users\\sc998\\namos-chat-v1\\src\\app\\api\\characters\\[id]\\import\\route.ts"
2025-07-17T09:39:03.424758Z  INFO tailwindcss_oxide::scanner: Reading "C:\\Users\\sc998\\namos-chat-v1\\src\\components\\BottomNav.tsx"
2025-07-17T09:39:03.424810Z  INFO tailwindcss_oxide::scanner: Reading "C:\\Users\\sc998\\namos-chat-v1\\src\\app\\characters\\create\\page.tsx"
2025-07-17T09:39:03.424832Z  INFO tailwindcss_oxide::scanner: Reading "C:\\Users\\sc998\\namos-chat-v1\\src\\lib\\auth.ts"
2025-07-17T09:39:03.424727Z  INFO tailwindcss_oxide::scanner: Reading "C:\\Users\\sc998\\namos-chat-v1\\public\\window.svg"
2025-07-17T09:39:03.424844Z  INFO tailwindcss_oxide::scanner: Reading "C:\\Users\\sc998\\namos-chat-v1\\postcss.config.mjs"
2025-07-17T09:39:03.424884Z  INFO tailwindcss_oxide::scanner: Reading "C:\\Users\\sc998\\namos-chat-v1\\src\\app\\api\\chat\\route.ts"
2025-07-17T09:39:03.424931Z  INFO tailwindcss_oxide::scanner: Reading "C:\\Users\\sc998\\namos-chat-v1\\next.config.ts"
2025-07-17T09:39:03.424961Z  INFO tailwindcss_oxide::scanner: Reading "C:\\Users\\sc998\\namos-chat-v1\\eslint.config.mjs"
2025-07-17T09:39:03.424952Z  INFO tailwindcss_oxide::scanner: Reading "C:\\Users\\sc998\\namos-chat-v1\\next-auth.d.ts"
2025-07-17T09:39:03.424773Z  INFO tailwindcss_oxide::scanner: Reading "C:\\Users\\sc998\\namos-chat-v1\\src\\components\\ui\\button.tsx"
2025-07-17T09:39:03.424968Z  INFO tailwindcss_oxide::scanner: Reading "C:\\Users\\sc998\\namos-chat-v1\\components.json"
2025-07-17T09:39:03.425036Z  INFO tailwindcss_oxide::scanner: Reading "C:\\Users\\sc998\\namos-chat-v1\\prisma\\schema.prisma"
2025-07-17T09:39:03.424788Z  INFO tailwindcss_oxide::scanner: Reading "C:\\Users\\sc998\\namos-chat-v1\\src\\app\\page.tsx"
2025-07-17T09:39:03.425085Z  INFO tailwindcss_oxide::scanner: Reading "C:\\Users\\sc998\\namos-chat-v1\\src\\app\\login\\page.tsx"
2025-07-17T09:39:03.425106Z  INFO tailwindcss_oxide::scanner: Reading "C:\\Users\\sc998\\namos-chat-v1\\public\\next.svg"
2025-07-17T09:39:03.425132Z  INFO tailwindcss_oxide::scanner: Reading "C:\\Users\\sc998\\namos-chat-v1\\src\\app\\api\\characters\\[id]\\route.ts"
2025-07-17T09:39:03.425194Z  INFO tailwindcss_oxide::scanner: Reading "C:\\Users\\sc998\\namos-chat-v1\\src\\components\\CharacterForm.tsx"
2025-07-17T09:39:03.425200Z  INFO tailwindcss_oxide::scanner: Reading "C:\\Users\\sc998\\namos-chat-v1\\namos-chat\\README.md"
2025-07-17T09:39:03.425219Z  INFO tailwindcss_oxide::scanner: Reading "C:\\Users\\sc998\\namos-chat-v1\\README.md"
2025-07-17T09:39:03.425211Z  INFO tailwindcss_oxide::scanner: Reading "C:\\Users\\sc998\\namos-chat-v1\\src\\app\\api\\dbtest\\route.ts"
2025-07-17T09:39:03.425258Z  INFO tailwindcss_oxide::scanner: Reading "C:\\Users\\sc998\\namos-chat-v1\\src\\components\\Providers.tsx"
2025-07-17T09:39:03.425288Z  INFO tailwindcss_oxide::scanner: Reading "C:\\Users\\sc998\\namos-chat-v1\\package.json"
2025-07-17T09:39:03.425267Z  INFO tailwindcss_oxide::scanner: Reading "C:\\Users\\sc998\\namos-chat-v1\\src\\app\\characters\\edit\\[id]\\page.tsx"
2025-07-17T09:39:03.425296Z  INFO tailwindcss_oxide::scanner: Reading "C:\\Users\\sc998\\namos-chat-v1\\public\\file.svg"
2025-07-17T09:39:03.425327Z  INFO tailwindcss_oxide::scanner: Reading "C:\\Users\\sc998\\namos-chat-v1\\public\\vercel.svg"
2025-07-17T09:39:03.425471Z  INFO tailwindcss_oxide::scanner: Reading "C:\\Users\\sc998\\namos-chat-v1\\src\\app\\api\\auth\\[...nextauth]\\route.ts"
2025-07-17T09:39:03.425367Z  INFO tailwindcss_oxide::scanner: Reading "C:\\Users\\sc998\\namos-chat-v1\\src\\components\\AppShell.tsx"
2025-07-17T09:39:03.425504Z  INFO tailwindcss_oxide::scanner: Reading "C:\\Users\\sc998\\namos-chat-v1\\src\\lib\\db\\db.ts"
2025-07-17T09:39:03.425504Z  INFO tailwindcss_oxide::scanner: Reading "C:\\Users\\sc998\\namos-chat-v1\\src\\components\\ui\\card.tsx"
2025-07-17T09:39:03.425378Z  INFO tailwindcss_oxide::scanner: Reading "C:\\Users\\sc998\\namos-chat-v1\\src\\app\\register\\page.tsx"
2025-07-17T09:39:03.425580Z  INFO tailwindcss_oxide::scanner: Reading "C:\\Users\\sc998\\namos-chat-v1\\src\\components\\ui\\dialog.tsx"
2025-07-17T09:39:03.425349Z  INFO tailwindcss_oxide::scanner: Reading "C:\\Users\\sc998\\namos-chat-v1\\src\\app\\MyPage\\page.tsx"
2025-07-17T09:39:03.425611Z  INFO tailwindcss_oxide::scanner: Reading "C:\\Users\\sc998\\namos-chat-v1\\src\\lib\\prisma.ts"
2025-07-17T09:39:03.425621Z  INFO tailwindcss_oxide::scanner: Reading "C:\\Users\\sc998\\namos-chat-v1\\src\\components\\ui\\input.tsx"
2025-07-17T09:39:03.425635Z  INFO tailwindcss_oxide::scanner: Reading "C:\\Users\\sc998\\namos-chat-v1\\src\\components\\ui\\textarea.tsx"
2025-07-17T09:39:03.425491Z  INFO tailwindcss_oxide::scanner: Reading "C:\\Users\\sc998\\namos-chat-v1\\src\\app\\api\\hello\\route.ts"
2025-07-17T09:39:03.425419Z  INFO tailwindcss_oxide::scanner: Reading "C:\\Users\\sc998\\namos-chat-v1\\src\\app\\api\\register\\route.ts"
2025-07-17T09:39:03.425693Z  INFO tailwindcss_oxide::scanner: Reading "C:\\Users\\sc998\\namos-chat-v1\\tsconfig.json"
2025-07-17T09:39:03.425701Z  INFO tailwindcss_oxide::scanner: Reading "C:\\Users\\sc998\\namos-chat-v1\\src\\components\\ui\\checkbox.tsx"
2025-07-17T09:39:03.425727Z  INFO tailwindcss_oxide::scanner: Reading "C:\\Users\\sc998\\namos-chat-v1\\src\\lib\\utils.ts"
2025-07-17T09:39:03.425732Z  INFO tailwindcss_oxide::scanner: Reading "C:\\Users\\sc998\\namos-chat-v1\\src\\app\\chat\\[characterId]\\page.tsx"
2025-07-17T09:39:03.425754Z  INFO tailwindcss_oxide::scanner: Reading "C:\\Users\\sc998\\namos-chat-v1\\src\\lib\\db.ts"
2025-07-17T09:39:03.425762Z  INFO tailwindcss_oxide::scanner: Reading "C:\\Users\\sc998\\namos-chat-v1\\src\\app\\api\\user\\points\\route.ts"
2025-07-17T09:39:03.425854Z  INFO tailwindcss_oxide::scanner: Reading "C:\\Users\\sc998\\namos-chat-v1\\src\\app\\character-management\\page.tsx"
2025-07-17T09:39:03.426003Z  INFO extract_candidates:read_all_files: tailwindcss_oxide::scanner: exit
2025-07-17T09:39:03.426026Z  INFO extract_candidates:parse_all_blobs: tailwindcss_oxide::scanner: enter
2025-07-17T09:39:03.426035Z  INFO extract_candidates:parse_all_blobs:extract: tailwindcss_oxide::scanner: enter
2025-07-17T09:39:03.427537Z  INFO extract_candidates:parse_all_blobs:extract: tailwindcss_oxide::scanner: exit
2025-07-17T09:39:03.427557Z  INFO extract_candidates:parse_all_blobs: tailwindcss_oxide::scanner: exit
2025-07-17T09:39:03.427566Z  INFO extract_candidates:read_all_files: tailwindcss_oxide::scanner: enter
2025-07-17T09:39:03.427570Z  INFO extract_candidates:read_all_files: tailwindcss_oxide::scanner: Reading 1 file(s)
2025-07-17T09:39:03.427725Z  INFO extract_candidates:read_all_files: tailwindcss_oxide::scanner: Reading "C:\\Users\\sc998\\namos-chat-v1\\src\\app\\globals.css"
2025-07-17T09:39:03.427736Z  INFO extract_candidates:read_all_files: tailwindcss_oxide::scanner: exit
2025-07-17T09:39:03.427742Z  INFO extract_candidates:extract_css_variables: tailwindcss_oxide::scanner: enter
2025-07-17T09:39:03.427746Z  INFO extract_candidates:extract_css_variables:extract: tailwindcss_oxide::scanner: enter
2025-07-17T09:39:03.427887Z  INFO extract_candidates:extract_css_variables:extract: tailwindcss_oxide::scanner: exit
2025-07-17T09:39:03.427909Z  INFO extract_candidates:extract_css_variables: tailwindcss_oxide::scanner: exit
2025-07-17T09:39:03.428770Z  INFO extract_candidates: tailwindcss_oxide::scanner: exit
2025-07-17T09:39:03.429304Z  INFO get_files: tailwindcss_oxide::scanner: enter
2025-07-17T09:39:03.429316Z  INFO get_files:scan_sources: tailwindcss_oxide::scanner: enter
2025-07-17T09:39:03.433261Z  INFO get_files:scan_sources: tailwindcss_oxide::scanner: Discovering "C:\\Users\\sc998\\namos-chat-v1\\namos-chat"
2025-07-17T09:39:03.435437Z  INFO get_files:scan_sources: tailwindcss_oxide::scanner: Discovering "C:\\Users\\sc998\\namos-chat-v1\\prisma"
2025-07-17T09:39:03.436170Z  INFO get_files:scan_sources: tailwindcss_oxide::scanner: Discovering "C:\\Users\\sc998\\namos-chat-v1\\public"
2025-07-17T09:39:03.437119Z  INFO get_files:scan_sources: tailwindcss_oxide::scanner: Discovering "C:\\Users\\sc998\\namos-chat-v1\\public\\uploads"
2025-07-17T09:39:03.438283Z  INFO get_files:scan_sources: tailwindcss_oxide::scanner: Discovering "C:\\Users\\sc998\\namos-chat-v1\\src"
2025-07-17T09:39:03.438909Z  INFO get_files:scan_sources: tailwindcss_oxide::scanner: Discovering "C:\\Users\\sc998\\namos-chat-v1\\src\\app"
2025-07-17T09:39:03.439485Z  INFO get_files:scan_sources: tailwindcss_oxide::scanner: Discovering "C:\\Users\\sc998\\namos-chat-v1\\src\\app\\api"
2025-07-17T09:39:03.440470Z  INFO get_files:scan_sources: tailwindcss_oxide::scanner: Discovering "C:\\Users\\sc998\\namos-chat-v1\\src\\app\\api\\auth"
2025-07-17T09:39:03.441369Z  INFO get_files:scan_sources: tailwindcss_oxide::scanner: Discovering "C:\\Users\\sc998\\namos-chat-v1\\src\\app\\api\\auth\\[...nextauth]"
2025-07-17T09:39:03.442452Z  INFO get_files:scan_sources: tailwindcss_oxide::scanner: Discovering "C:\\Users\\sc998\\namos-chat-v1\\src\\app\\api\\characters"
2025-07-17T09:39:03.443192Z  INFO get_files:scan_sources: tailwindcss_oxide::scanner: Discovering "C:\\Users\\sc998\\namos-chat-v1\\src\\app\\api\\characters\\[id]"
2025-07-17T09:39:03.443788Z  INFO get_files:scan_sources: tailwindcss_oxide::scanner: Discovering "C:\\Users\\sc998\\namos-chat-v1\\src\\app\\api\\characters\\[id]\\import"
2025-07-17T09:39:03.444615Z  INFO get_files:scan_sources: tailwindcss_oxide::scanner: Discovering "C:\\Users\\sc998\\namos-chat-v1\\src\\app\\api\\chat"
2025-07-17T09:39:03.445341Z  INFO get_files:scan_sources: tailwindcss_oxide::scanner: Discovering "C:\\Users\\sc998\\namos-chat-v1\\src\\app\\api\\dbtest"
2025-07-17T09:39:03.446029Z  INFO get_files:scan_sources: tailwindcss_oxide::scanner: Discovering "C:\\Users\\sc998\\namos-chat-v1\\src\\app\\api\\hello"
2025-07-17T09:39:03.446758Z  INFO get_files:scan_sources: tailwindcss_oxide::scanner: Discovering "C:\\Users\\sc998\\namos-chat-v1\\src\\app\\api\\register"
2025-07-17T09:39:03.447482Z  INFO get_files:scan_sources: tailwindcss_oxide::scanner: Discovering "C:\\Users\\sc998\\namos-chat-v1\\src\\app\\api\\user"
2025-07-17T09:39:03.448050Z  INFO get_files:scan_sources: tailwindcss_oxide::scanner: Discovering "C:\\Users\\sc998\\namos-chat-v1\\src\\app\\api\\user\\points"
2025-07-17T09:39:03.448781Z  INFO get_files:scan_sources: tailwindcss_oxide::scanner: Discovering "C:\\Users\\sc998\\namos-chat-v1\\src\\app\\character-management"
2025-07-17T09:39:03.449473Z  INFO get_files:scan_sources: tailwindcss_oxide::scanner: Discovering "C:\\Users\\sc998\\namos-chat-v1\\src\\app\\characters"
2025-07-17T09:39:03.450133Z  INFO get_files:scan_sources: tailwindcss_oxide::scanner: Discovering "C:\\Users\\sc998\\namos-chat-v1\\src\\app\\characters\\create"
2025-07-17T09:39:03.450867Z  INFO get_files:scan_sources: tailwindcss_oxide::scanner: Discovering "C:\\Users\\sc998\\namos-chat-v1\\src\\app\\characters\\edit"
2025-07-17T09:39:03.451430Z  INFO get_files:scan_sources: tailwindcss_oxide::scanner: Discovering "C:\\Users\\sc998\\namos-chat-v1\\src\\app\\characters\\edit\\[id]"
2025-07-17T09:39:03.452158Z  INFO get_files:scan_sources: tailwindcss_oxide::scanner: Discovering "C:\\Users\\sc998\\namos-chat-v1\\src\\app\\chat"
2025-07-17T09:39:03.452734Z  INFO get_files:scan_sources: tailwindcss_oxide::scanner: Discovering "C:\\Users\\sc998\\namos-chat-v1\\src\\app\\chat\\[characterId]"
2025-07-17T09:39:03.453622Z  INFO get_files:scan_sources: tailwindcss_oxide::scanner: Discovering "C:\\Users\\sc998\\namos-chat-v1\\src\\app\\login"
2025-07-17T09:39:03.454298Z  INFO get_files:scan_sources: tailwindcss_oxide::scanner: Discovering "C:\\Users\\sc998\\namos-chat-v1\\src\\app\\MyPage"
2025-07-17T09:39:03.455104Z  INFO get_files:scan_sources: tailwindcss_oxide::scanner: Discovering "C:\\Users\\sc998\\namos-chat-v1\\src\\app\\register"
2025-07-17T09:39:03.455809Z  INFO get_files:scan_sources: tailwindcss_oxide::scanner: Discovering "C:\\Users\\sc998\\namos-chat-v1\\src\\components"
2025-07-17T09:39:03.456923Z  INFO get_files:scan_sources: tailwindcss_oxide::scanner: Discovering "C:\\Users\\sc998\\namos-chat-v1\\src\\components\\ui"
2025-07-17T09:39:03.458417Z  INFO get_files:scan_sources: tailwindcss_oxide::scanner: Discovering "C:\\Users\\sc998\\namos-chat-v1\\src\\generated"
2025-07-17T09:39:03.459741Z  INFO get_files:scan_sources: tailwindcss_oxide::scanner: Discovering "C:\\Users\\sc998\\namos-chat-v1\\src\\lib"
2025-07-17T09:39:03.460483Z  INFO get_files:scan_sources: tailwindcss_oxide::scanner: Discovering "C:\\Users\\sc998\\namos-chat-v1\\src\\lib\\db"
2025-07-17T09:39:03.461600Z  INFO get_files:scan_sources: tailwindcss_oxide::scanner: exit
2025-07-17T09:39:03.461757Z  INFO get_files: tailwindcss_oxide::scanner: exit
2025-07-17T09:39:03.462122Z  INFO get_globs: tailwindcss_oxide::scanner: enter
2025-07-17T09:39:03.462132Z  INFO get_globs:scan_sources: tailwindcss_oxide::scanner: enter
2025-07-17T09:39:03.466218Z  INFO get_globs:scan_sources: tailwindcss_oxide::scanner: Discovering "C:\\Users\\sc998\\namos-chat-v1\\namos-chat"
2025-07-17T09:39:03.468466Z  INFO get_globs:scan_sources: tailwindcss_oxide::scanner: Discovering "C:\\Users\\sc998\\namos-chat-v1\\prisma"
2025-07-17T09:39:03.469163Z  INFO get_globs:scan_sources: tailwindcss_oxide::scanner: Discovering "C:\\Users\\sc998\\namos-chat-v1\\public"
2025-07-17T09:39:03.470090Z  INFO get_globs:scan_sources: tailwindcss_oxide::scanner: Discovering "C:\\Users\\sc998\\namos-chat-v1\\public\\uploads"
2025-07-17T09:39:03.471412Z  INFO get_globs:scan_sources: tailwindcss_oxide::scanner: Discovering "C:\\Users\\sc998\\namos-chat-v1\\src"
2025-07-17T09:39:03.472075Z  INFO get_globs:scan_sources: tailwindcss_oxide::scanner: Discovering "C:\\Users\\sc998\\namos-chat-v1\\src\\app"
2025-07-17T09:39:03.472757Z  INFO get_globs:scan_sources: tailwindcss_oxide::scanner: Discovering "C:\\Users\\sc998\\namos-chat-v1\\src\\app\\api"
2025-07-17T09:39:03.473498Z  INFO get_globs:scan_sources: tailwindcss_oxide::scanner: Discovering "C:\\Users\\sc998\\namos-chat-v1\\src\\app\\api\\auth"
2025-07-17T09:39:03.474315Z  INFO get_globs:scan_sources: tailwindcss_oxide::scanner: Discovering "C:\\Users\\sc998\\namos-chat-v1\\src\\app\\api\\auth\\[...nextauth]"
2025-07-17T09:39:03.475405Z  INFO get_globs:scan_sources: tailwindcss_oxide::scanner: Discovering "C:\\Users\\sc998\\namos-chat-v1\\src\\app\\api\\characters"
2025-07-17T09:39:03.476144Z  INFO get_globs:scan_sources: tailwindcss_oxide::scanner: Discovering "C:\\Users\\sc998\\namos-chat-v1\\src\\app\\api\\characters\\[id]"
2025-07-17T09:39:03.476743Z  INFO get_globs:scan_sources: tailwindcss_oxide::scanner: Discovering "C:\\Users\\sc998\\namos-chat-v1\\src\\app\\api\\characters\\[id]\\import"
2025-07-17T09:39:03.477594Z  INFO get_globs:scan_sources: tailwindcss_oxide::scanner: Discovering "C:\\Users\\sc998\\namos-chat-v1\\src\\app\\api\\chat"
2025-07-17T09:39:03.478271Z  INFO get_globs:scan_sources: tailwindcss_oxide::scanner: Discovering "C:\\Users\\sc998\\namos-chat-v1\\src\\app\\api\\dbtest"
2025-07-17T09:39:03.478971Z  INFO get_globs:scan_sources: tailwindcss_oxide::scanner: Discovering "C:\\Users\\sc998\\namos-chat-v1\\src\\app\\api\\hello"
2025-07-17T09:39:03.479646Z  INFO get_globs:scan_sources: tailwindcss_oxide::scanner: Discovering "C:\\Users\\sc998\\namos-chat-v1\\src\\app\\api\\register"
2025-07-17T09:39:03.480354Z  INFO get_globs:scan_sources: tailwindcss_oxide::scanner: Discovering "C:\\Users\\sc998\\namos-chat-v1\\src\\app\\api\\user"
2025-07-17T09:39:03.481063Z  INFO get_globs:scan_sources: tailwindcss_oxide::scanner: Discovering "C:\\Users\\sc998\\namos-chat-v1\\src\\app\\api\\user\\points"
2025-07-17T09:39:03.481970Z  INFO get_globs:scan_sources: tailwindcss_oxide::scanner: Discovering "C:\\Users\\sc998\\namos-chat-v1\\src\\app\\character-management"
2025-07-17T09:39:03.482728Z  INFO get_globs:scan_sources: tailwindcss_oxide::scanner: Discovering "C:\\Users\\sc998\\namos-chat-v1\\src\\app\\characters"
2025-07-17T09:39:03.483319Z  INFO get_globs:scan_sources: tailwindcss_oxide::scanner: Discovering "C:\\Users\\sc998\\namos-chat-v1\\src\\app\\characters\\create"
2025-07-17T09:39:03.483983Z  INFO get_globs:scan_sources: tailwindcss_oxide::scanner: Discovering "C:\\Users\\sc998\\namos-chat-v1\\src\\app\\characters\\edit"
2025-07-17T09:39:03.484571Z  INFO get_globs:scan_sources: tailwindcss_oxide::scanner: Discovering "C:\\Users\\sc998\\namos-chat-v1\\src\\app\\characters\\edit\\[id]"
2025-07-17T09:39:03.485327Z  INFO get_globs:scan_sources: tailwindcss_oxide::scanner: Discovering "C:\\Users\\sc998\\namos-chat-v1\\src\\app\\chat"
2025-07-17T09:39:03.485879Z  INFO get_globs:scan_sources: tailwindcss_oxide::scanner: Discovering "C:\\Users\\sc998\\namos-chat-v1\\src\\app\\chat\\[characterId]"
2025-07-17T09:39:03.486859Z  INFO get_globs:scan_sources: tailwindcss_oxide::scanner: Discovering "C:\\Users\\sc998\\namos-chat-v1\\src\\app\\login"
2025-07-17T09:39:03.487561Z  INFO get_globs:scan_sources: tailwindcss_oxide::scanner: Discovering "C:\\Users\\sc998\\namos-chat-v1\\src\\app\\MyPage"
2025-07-17T09:39:03.488384Z  INFO get_globs:scan_sources: tailwindcss_oxide::scanner: Discovering "C:\\Users\\sc998\\namos-chat-v1\\src\\app\\register"
2025-07-17T09:39:03.489109Z  INFO get_globs:scan_sources: tailwindcss_oxide::scanner: Discovering "C:\\Users\\sc998\\namos-chat-v1\\src\\components"
2025-07-17T09:39:03.490136Z  INFO get_globs:scan_sources: tailwindcss_oxide::scanner: Discovering "C:\\Users\\sc998\\namos-chat-v1\\src\\components\\ui"
2025-07-17T09:39:03.492006Z  INFO get_globs:scan_sources: tailwindcss_oxide::scanner: Discovering "C:\\Users\\sc998\\namos-chat-v1\\src\\generated"
2025-07-17T09:39:03.493107Z  INFO get_globs:scan_sources: tailwindcss_oxide::scanner: Discovering "C:\\Users\\sc998\\namos-chat-v1\\src\\lib"
2025-07-17T09:39:03.493740Z  INFO get_globs:scan_sources: tailwindcss_oxide::scanner: Discovering "C:\\Users\\sc998\\namos-chat-v1\\src\\lib\\db"
2025-07-17T09:39:03.494787Z  INFO get_globs:scan_sources: tailwindcss_oxide::scanner: exit
2025-07-17T09:39:03.532106Z  INFO get_globs: tailwindcss_oxide::scanner: exit
