2025-07-10T08:59:02.596263Z  INFO tailwindcss_oxide::scanner: Provided sources:
2025-07-10T08:59:02.596345Z  INFO tailwindcss_oxide::scanner: Source: PublicSourceEntry { base: "C:\\Users\\sc998\\namos-chat-v1", pattern: "**/*", negated: false }
2025-07-10T08:59:02.596671Z  INFO tailwindcss_oxide::scanner: Optimized sources:
2025-07-10T08:59:02.596689Z  INFO tailwindcss_oxide::scanner: Source: Auto { base: "C:\\Users\\sc998\\namos-chat-v1" }
2025-07-10T08:59:02.600539Z  INFO scan_sources: tailwindcss_oxide::scanner: enter
2025-07-10T08:59:02.605447Z  INFO scan_sources: tailwindcss_oxide::scanner: Discovering "C:\\Users\\sc998\\namos-chat-v1\\components.json"
2025-07-10T08:59:02.606152Z  INFO scan_sources: tailwindcss_oxide::scanner: Discovering "C:\\Users\\sc998\\namos-chat-v1\\eslint.config.mjs"
2025-07-10T08:59:02.606624Z  INFO scan_sources: tailwindcss_oxide::scanner: Discovering "C:\\Users\\sc998\\namos-chat-v1\\namos-chat"
2025-07-10T08:59:02.608122Z  INFO scan_sources: tailwindcss_oxide::scanner: Discovering "C:\\Users\\sc998\\namos-chat-v1\\namos-chat\\README.md"
2025-07-10T08:59:02.608456Z  INFO scan_sources: tailwindcss_oxide::scanner: Discovering "C:\\Users\\sc998\\namos-chat-v1\\next-auth.d.ts"
2025-07-10T08:59:02.608648Z  INFO scan_sources: tailwindcss_oxide::scanner: Discovering "C:\\Users\\sc998\\namos-chat-v1\\next.config.ts"
2025-07-10T08:59:02.609358Z  INFO scan_sources: tailwindcss_oxide::scanner: Discovering "C:\\Users\\sc998\\namos-chat-v1\\package.json"
2025-07-10T08:59:02.609535Z  INFO scan_sources: tailwindcss_oxide::scanner: Discovering "C:\\Users\\sc998\\namos-chat-v1\\postcss.config.mjs"
2025-07-10T08:59:02.609831Z  INFO scan_sources: tailwindcss_oxide::scanner: Discovering "C:\\Users\\sc998\\namos-chat-v1\\prisma"
2025-07-10T08:59:02.610359Z  INFO scan_sources: tailwindcss_oxide::scanner: Discovering "C:\\Users\\sc998\\namos-chat-v1\\prisma\\schema.prisma"
2025-07-10T08:59:02.610695Z  INFO scan_sources: tailwindcss_oxide::scanner: Discovering "C:\\Users\\sc998\\namos-chat-v1\\public"
2025-07-10T08:59:02.611260Z  INFO scan_sources: tailwindcss_oxide::scanner: Discovering "C:\\Users\\sc998\\namos-chat-v1\\public\\file.svg"
2025-07-10T08:59:02.611435Z  INFO scan_sources: tailwindcss_oxide::scanner: Discovering "C:\\Users\\sc998\\namos-chat-v1\\public\\globe.svg"
2025-07-10T08:59:02.611601Z  INFO scan_sources: tailwindcss_oxide::scanner: Discovering "C:\\Users\\sc998\\namos-chat-v1\\public\\next.svg"
2025-07-10T08:59:02.611886Z  INFO scan_sources: tailwindcss_oxide::scanner: Discovering "C:\\Users\\sc998\\namos-chat-v1\\public\\uploads"
2025-07-10T08:59:02.612840Z  INFO scan_sources: tailwindcss_oxide::scanner: Discovering "C:\\Users\\sc998\\namos-chat-v1\\public\\vercel.svg"
2025-07-10T08:59:02.613009Z  INFO scan_sources: tailwindcss_oxide::scanner: Discovering "C:\\Users\\sc998\\namos-chat-v1\\public\\window.svg"
2025-07-10T08:59:02.613233Z  INFO scan_sources: tailwindcss_oxide::scanner: Discovering "C:\\Users\\sc998\\namos-chat-v1\\README.md"
2025-07-10T08:59:02.613668Z  INFO scan_sources: tailwindcss_oxide::scanner: Discovering "C:\\Users\\sc998\\namos-chat-v1\\src"
2025-07-10T08:59:02.614432Z  INFO scan_sources: tailwindcss_oxide::scanner: Discovering "C:\\Users\\sc998\\namos-chat-v1\\src\\app"
2025-07-10T08:59:02.615285Z  INFO scan_sources: tailwindcss_oxide::scanner: Discovering "C:\\Users\\sc998\\namos-chat-v1\\src\\app\\api"
2025-07-10T08:59:02.616110Z  INFO scan_sources: tailwindcss_oxide::scanner: Discovering "C:\\Users\\sc998\\namos-chat-v1\\src\\app\\api\\auth"
2025-07-10T08:59:02.616984Z  INFO scan_sources: tailwindcss_oxide::scanner: Discovering "C:\\Users\\sc998\\namos-chat-v1\\src\\app\\api\\auth\\[...nextauth]"
2025-07-10T08:59:02.617952Z  INFO scan_sources: tailwindcss_oxide::scanner: Discovering "C:\\Users\\sc998\\namos-chat-v1\\src\\app\\api\\auth\\[...nextauth]\\route.ts"
2025-07-10T08:59:02.618670Z  INFO scan_sources: tailwindcss_oxide::scanner: Discovering "C:\\Users\\sc998\\namos-chat-v1\\src\\app\\api\\characters"
2025-07-10T08:59:02.619305Z  INFO scan_sources: tailwindcss_oxide::scanner: Discovering "C:\\Users\\sc998\\namos-chat-v1\\src\\app\\api\\characters\\route.ts"
2025-07-10T08:59:02.619724Z  INFO scan_sources: tailwindcss_oxide::scanner: Discovering "C:\\Users\\sc998\\namos-chat-v1\\src\\app\\api\\dbtest"
2025-07-10T08:59:02.620256Z  INFO scan_sources: tailwindcss_oxide::scanner: Discovering "C:\\Users\\sc998\\namos-chat-v1\\src\\app\\api\\dbtest\\route.ts"
2025-07-10T08:59:02.620831Z  INFO scan_sources: tailwindcss_oxide::scanner: Discovering "C:\\Users\\sc998\\namos-chat-v1\\src\\app\\api\\hello"
2025-07-10T08:59:02.621529Z  INFO scan_sources: tailwindcss_oxide::scanner: Discovering "C:\\Users\\sc998\\namos-chat-v1\\src\\app\\api\\hello\\route.ts"
2025-07-10T08:59:02.622051Z  INFO scan_sources: tailwindcss_oxide::scanner: Discovering "C:\\Users\\sc998\\namos-chat-v1\\src\\app\\api\\register"
2025-07-10T08:59:02.622727Z  INFO scan_sources: tailwindcss_oxide::scanner: Discovering "C:\\Users\\sc998\\namos-chat-v1\\src\\app\\api\\register\\route.ts"
2025-07-10T08:59:02.623192Z  INFO scan_sources: tailwindcss_oxide::scanner: Discovering "C:\\Users\\sc998\\namos-chat-v1\\src\\app\\api\\user"
2025-07-10T08:59:02.624070Z  INFO scan_sources: tailwindcss_oxide::scanner: Discovering "C:\\Users\\sc998\\namos-chat-v1\\src\\app\\api\\user\\points"
2025-07-10T08:59:02.625049Z  INFO scan_sources: tailwindcss_oxide::scanner: Discovering "C:\\Users\\sc998\\namos-chat-v1\\src\\app\\api\\user\\points\\route.ts"
2025-07-10T08:59:02.625603Z  INFO scan_sources: tailwindcss_oxide::scanner: Discovering "C:\\Users\\sc998\\namos-chat-v1\\src\\app\\characters"
2025-07-10T08:59:02.626331Z  INFO scan_sources: tailwindcss_oxide::scanner: Discovering "C:\\Users\\sc998\\namos-chat-v1\\src\\app\\characters\\create"
2025-07-10T08:59:02.626947Z  INFO scan_sources: tailwindcss_oxide::scanner: Discovering "C:\\Users\\sc998\\namos-chat-v1\\src\\app\\characters\\create\\page.tsx"
2025-07-10T08:59:02.627448Z  INFO scan_sources: tailwindcss_oxide::scanner: Discovering "C:\\Users\\sc998\\namos-chat-v1\\src\\app\\globals.css"
2025-07-10T08:59:02.627710Z  INFO scan_sources: tailwindcss_oxide::scanner: Discovering "C:\\Users\\sc998\\namos-chat-v1\\src\\app\\layout.tsx"
2025-07-10T08:59:02.628062Z  INFO scan_sources: tailwindcss_oxide::scanner: Discovering "C:\\Users\\sc998\\namos-chat-v1\\src\\app\\login"
2025-07-10T08:59:02.628676Z  INFO scan_sources: tailwindcss_oxide::scanner: Discovering "C:\\Users\\sc998\\namos-chat-v1\\src\\app\\login\\page.tsx"
2025-07-10T08:59:02.629139Z  INFO scan_sources: tailwindcss_oxide::scanner: Discovering "C:\\Users\\sc998\\namos-chat-v1\\src\\app\\MyPage"
2025-07-10T08:59:02.629764Z  INFO scan_sources: tailwindcss_oxide::scanner: Discovering "C:\\Users\\sc998\\namos-chat-v1\\src\\app\\MyPage\\page.tsx"
2025-07-10T08:59:02.630045Z  INFO scan_sources: tailwindcss_oxide::scanner: Discovering "C:\\Users\\sc998\\namos-chat-v1\\src\\app\\page.tsx"
2025-07-10T08:59:02.630530Z  INFO scan_sources: tailwindcss_oxide::scanner: Discovering "C:\\Users\\sc998\\namos-chat-v1\\src\\app\\register"
2025-07-10T08:59:02.631372Z  INFO scan_sources: tailwindcss_oxide::scanner: Discovering "C:\\Users\\sc998\\namos-chat-v1\\src\\app\\register\\page.tsx"
2025-07-10T08:59:02.632046Z  INFO scan_sources: tailwindcss_oxide::scanner: Discovering "C:\\Users\\sc998\\namos-chat-v1\\src\\components"
2025-07-10T08:59:02.632797Z  INFO scan_sources: tailwindcss_oxide::scanner: Discovering "C:\\Users\\sc998\\namos-chat-v1\\src\\components\\AppShell.tsx"
2025-07-10T08:59:02.633022Z  INFO scan_sources: tailwindcss_oxide::scanner: Discovering "C:\\Users\\sc998\\namos-chat-v1\\src\\components\\BottomNav.tsx"
2025-07-10T08:59:02.633205Z  INFO scan_sources: tailwindcss_oxide::scanner: Discovering "C:\\Users\\sc998\\namos-chat-v1\\src\\components\\Providers.tsx"
2025-07-10T08:59:02.633579Z  INFO scan_sources: tailwindcss_oxide::scanner: Discovering "C:\\Users\\sc998\\namos-chat-v1\\src\\components\\ui"
2025-07-10T08:59:02.634177Z  INFO scan_sources: tailwindcss_oxide::scanner: Discovering "C:\\Users\\sc998\\namos-chat-v1\\src\\components\\ui\\button.tsx"
2025-07-10T08:59:02.634503Z  INFO scan_sources: tailwindcss_oxide::scanner: Discovering "C:\\Users\\sc998\\namos-chat-v1\\src\\components\\ui\\card.tsx"
2025-07-10T08:59:02.634677Z  INFO scan_sources: tailwindcss_oxide::scanner: Discovering "C:\\Users\\sc998\\namos-chat-v1\\src\\components\\ui\\checkbox.tsx"
2025-07-10T08:59:02.634886Z  INFO scan_sources: tailwindcss_oxide::scanner: Discovering "C:\\Users\\sc998\\namos-chat-v1\\src\\components\\ui\\dialog.tsx"
2025-07-10T08:59:02.635097Z  INFO scan_sources: tailwindcss_oxide::scanner: Discovering "C:\\Users\\sc998\\namos-chat-v1\\src\\components\\ui\\input.tsx"
2025-07-10T08:59:02.635263Z  INFO scan_sources: tailwindcss_oxide::scanner: Discovering "C:\\Users\\sc998\\namos-chat-v1\\src\\components\\ui\\textarea.tsx"
2025-07-10T08:59:02.635615Z  INFO scan_sources: tailwindcss_oxide::scanner: Discovering "C:\\Users\\sc998\\namos-chat-v1\\src\\generated"
2025-07-10T08:59:02.636897Z  INFO scan_sources: tailwindcss_oxide::scanner: Discovering "C:\\Users\\sc998\\namos-chat-v1\\src\\lib"
2025-07-10T08:59:02.637420Z  INFO scan_sources: tailwindcss_oxide::scanner: Discovering "C:\\Users\\sc998\\namos-chat-v1\\src\\lib\\auth.ts"
2025-07-10T08:59:02.637710Z  INFO scan_sources: tailwindcss_oxide::scanner: Discovering "C:\\Users\\sc998\\namos-chat-v1\\src\\lib\\db"
2025-07-10T08:59:02.638235Z  INFO scan_sources: tailwindcss_oxide::scanner: Discovering "C:\\Users\\sc998\\namos-chat-v1\\src\\lib\\db\\db.ts"
2025-07-10T08:59:02.638433Z  INFO scan_sources: tailwindcss_oxide::scanner: Discovering "C:\\Users\\sc998\\namos-chat-v1\\src\\lib\\db.ts"
2025-07-10T08:59:02.638598Z  INFO scan_sources: tailwindcss_oxide::scanner: Discovering "C:\\Users\\sc998\\namos-chat-v1\\src\\lib\\prisma.ts"
2025-07-10T08:59:02.638809Z  INFO scan_sources: tailwindcss_oxide::scanner: Discovering "C:\\Users\\sc998\\namos-chat-v1\\src\\lib\\utils.ts"
2025-07-10T08:59:02.639124Z  INFO scan_sources: tailwindcss_oxide::scanner: Discovering "C:\\Users\\sc998\\namos-chat-v1\\tsconfig.json"
2025-07-10T08:59:02.639292Z  INFO scan_sources: tailwindcss_oxide::scanner: exit
2025-07-10T08:59:02.639354Z  INFO extract_candidates: tailwindcss_oxide::scanner: enter
2025-07-10T08:59:02.639363Z  INFO extract_candidates:read_all_files: tailwindcss_oxide::scanner: enter
2025-07-10T08:59:02.639367Z  INFO extract_candidates:read_all_files: tailwindcss_oxide::scanner: Reading 41 file(s)
2025-07-10T08:59:02.641030Z  INFO tailwindcss_oxide::scanner: Reading "C:\\Users\\sc998\\namos-chat-v1\\src\\app\\register\\page.tsx"
2025-07-10T08:59:02.641038Z  INFO tailwindcss_oxide::scanner: Reading "C:\\Users\\sc998\\namos-chat-v1\\src\\components\\ui\\card.tsx"
2025-07-10T08:59:02.641032Z  INFO tailwindcss_oxide::scanner: Reading "C:\\Users\\sc998\\namos-chat-v1\\src\\lib\\auth.ts"
2025-07-10T08:59:02.641084Z  INFO tailwindcss_oxide::scanner: Reading "C:\\Users\\sc998\\namos-chat-v1\\src\\app\\api\\characters\\route.ts"
2025-07-10T08:59:02.641097Z  INFO tailwindcss_oxide::scanner: Reading "C:\\Users\\sc998\\namos-chat-v1\\namos-chat\\README.md"
2025-07-10T08:59:02.641108Z  INFO tailwindcss_oxide::scanner: Reading "C:\\Users\\sc998\\namos-chat-v1\\public\\next.svg"
2025-07-10T08:59:02.641114Z  INFO tailwindcss_oxide::scanner: Reading "C:\\Users\\sc998\\namos-chat-v1\\src\\app\\layout.tsx"
2025-07-10T08:59:02.641145Z  INFO tailwindcss_oxide::scanner: Reading "C:\\Users\\sc998\\namos-chat-v1\\package.json"
2025-07-10T08:59:02.641169Z  INFO tailwindcss_oxide::scanner: Reading "C:\\Users\\sc998\\namos-chat-v1\\next-auth.d.ts"
2025-07-10T08:59:02.641176Z  INFO tailwindcss_oxide::scanner: Reading "C:\\Users\\sc998\\namos-chat-v1\\src\\app\\login\\page.tsx"
2025-07-10T08:59:02.641189Z  INFO tailwindcss_oxide::scanner: Reading "C:\\Users\\sc998\\namos-chat-v1\\eslint.config.mjs"
2025-07-10T08:59:02.641140Z  INFO tailwindcss_oxide::scanner: Reading "C:\\Users\\sc998\\namos-chat-v1\\src\\app\\api\\hello\\route.ts"
2025-07-10T08:59:02.641225Z  INFO tailwindcss_oxide::scanner: Reading "C:\\Users\\sc998\\namos-chat-v1\\src\\app\\api\\dbtest\\route.ts"
2025-07-10T08:59:02.641288Z  INFO tailwindcss_oxide::scanner: Reading "C:\\Users\\sc998\\namos-chat-v1\\src\\app\\characters\\create\\page.tsx"
2025-07-10T08:59:02.641304Z  INFO tailwindcss_oxide::scanner: Reading "C:\\Users\\sc998\\namos-chat-v1\\components.json"
2025-07-10T08:59:02.641366Z  INFO tailwindcss_oxide::scanner: Reading "C:\\Users\\sc998\\namos-chat-v1\\src\\components\\AppShell.tsx"
2025-07-10T08:59:02.641303Z  INFO tailwindcss_oxide::scanner: Reading "C:\\Users\\sc998\\namos-chat-v1\\prisma\\schema.prisma"
2025-07-10T08:59:02.641398Z  INFO tailwindcss_oxide::scanner: Reading "C:\\Users\\sc998\\namos-chat-v1\\src\\components\\ui\\checkbox.tsx"
2025-07-10T08:59:02.641404Z  INFO tailwindcss_oxide::scanner: Reading "C:\\Users\\sc998\\namos-chat-v1\\src\\lib\\db\\db.ts"
2025-07-10T08:59:02.641420Z  INFO tailwindcss_oxide::scanner: Reading "C:\\Users\\sc998\\namos-chat-v1\\postcss.config.mjs"
2025-07-10T08:59:02.641450Z  INFO tailwindcss_oxide::scanner: Reading "C:\\Users\\sc998\\namos-chat-v1\\src\\lib\\utils.ts"
2025-07-10T08:59:02.641455Z  INFO tailwindcss_oxide::scanner: Reading "C:\\Users\\sc998\\namos-chat-v1\\public\\vercel.svg"
2025-07-10T08:59:02.641463Z  INFO tailwindcss_oxide::scanner: Reading "C:\\Users\\sc998\\namos-chat-v1\\next.config.ts"
2025-07-10T08:59:02.641503Z  INFO tailwindcss_oxide::scanner: Reading "C:\\Users\\sc998\\namos-chat-v1\\src\\app\\MyPage\\page.tsx"
2025-07-10T08:59:02.641515Z  INFO tailwindcss_oxide::scanner: Reading "C:\\Users\\sc998\\namos-chat-v1\\src\\components\\BottomNav.tsx"
2025-07-10T08:59:02.641523Z  INFO tailwindcss_oxide::scanner: Reading "C:\\Users\\sc998\\namos-chat-v1\\src\\app\\api\\register\\route.ts"
2025-07-10T08:59:02.641516Z  INFO tailwindcss_oxide::scanner: Reading "C:\\Users\\sc998\\namos-chat-v1\\src\\lib\\prisma.ts"
2025-07-10T08:59:02.641539Z  INFO tailwindcss_oxide::scanner: Reading "C:\\Users\\sc998\\namos-chat-v1\\public\\window.svg"
2025-07-10T08:59:02.641635Z  INFO tailwindcss_oxide::scanner: Reading "C:\\Users\\sc998\\namos-chat-v1\\src\\lib\\db.ts"
2025-07-10T08:59:02.641651Z  INFO tailwindcss_oxide::scanner: Reading "C:\\Users\\sc998\\namos-chat-v1\\src\\components\\ui\\dialog.tsx"
2025-07-10T08:59:02.641653Z  INFO tailwindcss_oxide::scanner: Reading "C:\\Users\\sc998\\namos-chat-v1\\src\\app\\api\\user\\points\\route.ts"
2025-07-10T08:59:02.641658Z  INFO tailwindcss_oxide::scanner: Reading "C:\\Users\\sc998\\namos-chat-v1\\src\\app\\page.tsx"
2025-07-10T08:59:02.641683Z  INFO tailwindcss_oxide::scanner: Reading "C:\\Users\\sc998\\namos-chat-v1\\tsconfig.json"
2025-07-10T08:59:02.641698Z  INFO tailwindcss_oxide::scanner: Reading "C:\\Users\\sc998\\namos-chat-v1\\src\\components\\ui\\textarea.tsx"
2025-07-10T08:59:02.641725Z  INFO tailwindcss_oxide::scanner: Reading "C:\\Users\\sc998\\namos-chat-v1\\public\\file.svg"
2025-07-10T08:59:02.641731Z  INFO tailwindcss_oxide::scanner: Reading "C:\\Users\\sc998\\namos-chat-v1\\src\\components\\ui\\button.tsx"
2025-07-10T08:59:02.641735Z  INFO tailwindcss_oxide::scanner: Reading "C:\\Users\\sc998\\namos-chat-v1\\src\\components\\ui\\input.tsx"
2025-07-10T08:59:02.641771Z  INFO tailwindcss_oxide::scanner: Reading "C:\\Users\\sc998\\namos-chat-v1\\src\\app\\api\\auth\\[...nextauth]\\route.ts"
2025-07-10T08:59:02.641793Z  INFO tailwindcss_oxide::scanner: Reading "C:\\Users\\sc998\\namos-chat-v1\\public\\globe.svg"
2025-07-10T08:59:02.641827Z  INFO tailwindcss_oxide::scanner: Reading "C:\\Users\\sc998\\namos-chat-v1\\README.md"
2025-07-10T08:59:02.641793Z  INFO tailwindcss_oxide::scanner: Reading "C:\\Users\\sc998\\namos-chat-v1\\src\\components\\Providers.tsx"
2025-07-10T08:59:02.641983Z  INFO extract_candidates:read_all_files: tailwindcss_oxide::scanner: exit
2025-07-10T08:59:02.642002Z  INFO extract_candidates:parse_all_blobs: tailwindcss_oxide::scanner: enter
2025-07-10T08:59:02.642009Z  INFO extract_candidates:parse_all_blobs:extract: tailwindcss_oxide::scanner: enter
2025-07-10T08:59:02.643344Z  INFO extract_candidates:parse_all_blobs:extract: tailwindcss_oxide::scanner: exit
2025-07-10T08:59:02.643362Z  INFO extract_candidates:parse_all_blobs: tailwindcss_oxide::scanner: exit
2025-07-10T08:59:02.643403Z  INFO extract_candidates:read_all_files: tailwindcss_oxide::scanner: enter
2025-07-10T08:59:02.643409Z  INFO extract_candidates:read_all_files: tailwindcss_oxide::scanner: Reading 1 file(s)
2025-07-10T08:59:02.643552Z  INFO extract_candidates:read_all_files: tailwindcss_oxide::scanner: Reading "C:\\Users\\sc998\\namos-chat-v1\\src\\app\\globals.css"
2025-07-10T08:59:02.643565Z  INFO extract_candidates:read_all_files: tailwindcss_oxide::scanner: exit
2025-07-10T08:59:02.643571Z  INFO extract_candidates:extract_css_variables: tailwindcss_oxide::scanner: enter
2025-07-10T08:59:02.643575Z  INFO extract_candidates:extract_css_variables:extract: tailwindcss_oxide::scanner: enter
2025-07-10T08:59:02.643711Z  INFO extract_candidates:extract_css_variables:extract: tailwindcss_oxide::scanner: exit
2025-07-10T08:59:02.643728Z  INFO extract_candidates:extract_css_variables: tailwindcss_oxide::scanner: exit
2025-07-10T08:59:02.644655Z  INFO extract_candidates: tailwindcss_oxide::scanner: exit
2025-07-10T08:59:02.645343Z  INFO get_files: tailwindcss_oxide::scanner: enter
2025-07-10T08:59:02.645354Z  INFO get_files:scan_sources: tailwindcss_oxide::scanner: enter
2025-07-10T08:59:02.650727Z  INFO get_files:scan_sources: tailwindcss_oxide::scanner: Discovering "C:\\Users\\sc998\\namos-chat-v1\\namos-chat"
2025-07-10T08:59:02.653685Z  INFO get_files:scan_sources: tailwindcss_oxide::scanner: Discovering "C:\\Users\\sc998\\namos-chat-v1\\prisma"
2025-07-10T08:59:02.654495Z  INFO get_files:scan_sources: tailwindcss_oxide::scanner: Discovering "C:\\Users\\sc998\\namos-chat-v1\\public"
2025-07-10T08:59:02.655522Z  INFO get_files:scan_sources: tailwindcss_oxide::scanner: Discovering "C:\\Users\\sc998\\namos-chat-v1\\public\\uploads"
2025-07-10T08:59:02.657021Z  INFO get_files:scan_sources: tailwindcss_oxide::scanner: Discovering "C:\\Users\\sc998\\namos-chat-v1\\src"
2025-07-10T08:59:02.657818Z  INFO get_files:scan_sources: tailwindcss_oxide::scanner: Discovering "C:\\Users\\sc998\\namos-chat-v1\\src\\app"
2025-07-10T08:59:02.658618Z  INFO get_files:scan_sources: tailwindcss_oxide::scanner: Discovering "C:\\Users\\sc998\\namos-chat-v1\\src\\app\\api"
2025-07-10T08:59:02.659543Z  INFO get_files:scan_sources: tailwindcss_oxide::scanner: Discovering "C:\\Users\\sc998\\namos-chat-v1\\src\\app\\api\\auth"
2025-07-10T08:59:02.660300Z  INFO get_files:scan_sources: tailwindcss_oxide::scanner: Discovering "C:\\Users\\sc998\\namos-chat-v1\\src\\app\\api\\auth\\[...nextauth]"
2025-07-10T08:59:02.661261Z  INFO get_files:scan_sources: tailwindcss_oxide::scanner: Discovering "C:\\Users\\sc998\\namos-chat-v1\\src\\app\\api\\characters"
2025-07-10T08:59:02.662030Z  INFO get_files:scan_sources: tailwindcss_oxide::scanner: Discovering "C:\\Users\\sc998\\namos-chat-v1\\src\\app\\api\\dbtest"
2025-07-10T08:59:02.663194Z  INFO get_files:scan_sources: tailwindcss_oxide::scanner: Discovering "C:\\Users\\sc998\\namos-chat-v1\\src\\app\\api\\hello"
2025-07-10T08:59:02.664117Z  INFO get_files:scan_sources: tailwindcss_oxide::scanner: Discovering "C:\\Users\\sc998\\namos-chat-v1\\src\\app\\api\\register"
2025-07-10T08:59:02.665098Z  INFO get_files:scan_sources: tailwindcss_oxide::scanner: Discovering "C:\\Users\\sc998\\namos-chat-v1\\src\\app\\api\\user"
2025-07-10T08:59:02.665769Z  INFO get_files:scan_sources: tailwindcss_oxide::scanner: Discovering "C:\\Users\\sc998\\namos-chat-v1\\src\\app\\api\\user\\points"
2025-07-10T08:59:02.666830Z  INFO get_files:scan_sources: tailwindcss_oxide::scanner: Discovering "C:\\Users\\sc998\\namos-chat-v1\\src\\app\\characters"
2025-07-10T08:59:02.667532Z  INFO get_files:scan_sources: tailwindcss_oxide::scanner: Discovering "C:\\Users\\sc998\\namos-chat-v1\\src\\app\\characters\\create"
2025-07-10T08:59:02.668553Z  INFO get_files:scan_sources: tailwindcss_oxide::scanner: Discovering "C:\\Users\\sc998\\namos-chat-v1\\src\\app\\login"
2025-07-10T08:59:02.669394Z  INFO get_files:scan_sources: tailwindcss_oxide::scanner: Discovering "C:\\Users\\sc998\\namos-chat-v1\\src\\app\\MyPage"
2025-07-10T08:59:02.670631Z  INFO get_files:scan_sources: tailwindcss_oxide::scanner: Discovering "C:\\Users\\sc998\\namos-chat-v1\\src\\app\\register"
2025-07-10T08:59:02.671780Z  INFO get_files:scan_sources: tailwindcss_oxide::scanner: Discovering "C:\\Users\\sc998\\namos-chat-v1\\src\\components"
2025-07-10T08:59:02.673307Z  INFO get_files:scan_sources: tailwindcss_oxide::scanner: Discovering "C:\\Users\\sc998\\namos-chat-v1\\src\\components\\ui"
2025-07-10T08:59:02.675246Z  INFO get_files:scan_sources: tailwindcss_oxide::scanner: Discovering "C:\\Users\\sc998\\namos-chat-v1\\src\\generated"
2025-07-10T08:59:02.676647Z  INFO get_files:scan_sources: tailwindcss_oxide::scanner: Discovering "C:\\Users\\sc998\\namos-chat-v1\\src\\lib"
2025-07-10T08:59:02.677495Z  INFO get_files:scan_sources: tailwindcss_oxide::scanner: Discovering "C:\\Users\\sc998\\namos-chat-v1\\src\\lib\\db"
2025-07-10T08:59:02.678767Z  INFO get_files:scan_sources: tailwindcss_oxide::scanner: exit
2025-07-10T08:59:02.678960Z  INFO get_files: tailwindcss_oxide::scanner: exit
2025-07-10T08:59:02.679288Z  INFO get_globs: tailwindcss_oxide::scanner: enter
2025-07-10T08:59:02.679297Z  INFO get_globs:scan_sources: tailwindcss_oxide::scanner: enter
2025-07-10T08:59:02.683767Z  INFO get_globs:scan_sources: tailwindcss_oxide::scanner: Discovering "C:\\Users\\sc998\\namos-chat-v1\\namos-chat"
2025-07-10T08:59:02.686124Z  INFO get_globs:scan_sources: tailwindcss_oxide::scanner: Discovering "C:\\Users\\sc998\\namos-chat-v1\\prisma"
2025-07-10T08:59:02.686899Z  INFO get_globs:scan_sources: tailwindcss_oxide::scanner: Discovering "C:\\Users\\sc998\\namos-chat-v1\\public"
2025-07-10T08:59:02.687801Z  INFO get_globs:scan_sources: tailwindcss_oxide::scanner: Discovering "C:\\Users\\sc998\\namos-chat-v1\\public\\uploads"
2025-07-10T08:59:02.689068Z  INFO get_globs:scan_sources: tailwindcss_oxide::scanner: Discovering "C:\\Users\\sc998\\namos-chat-v1\\src"
2025-07-10T08:59:02.689731Z  INFO get_globs:scan_sources: tailwindcss_oxide::scanner: Discovering "C:\\Users\\sc998\\namos-chat-v1\\src\\app"
2025-07-10T08:59:02.690338Z  INFO get_globs:scan_sources: tailwindcss_oxide::scanner: Discovering "C:\\Users\\sc998\\namos-chat-v1\\src\\app\\api"
2025-07-10T08:59:02.690912Z  INFO get_globs:scan_sources: tailwindcss_oxide::scanner: Discovering "C:\\Users\\sc998\\namos-chat-v1\\src\\app\\api\\auth"
2025-07-10T08:59:02.691589Z  INFO get_globs:scan_sources: tailwindcss_oxide::scanner: Discovering "C:\\Users\\sc998\\namos-chat-v1\\src\\app\\api\\auth\\[...nextauth]"
2025-07-10T08:59:02.692420Z  INFO get_globs:scan_sources: tailwindcss_oxide::scanner: Discovering "C:\\Users\\sc998\\namos-chat-v1\\src\\app\\api\\characters"
2025-07-10T08:59:02.693124Z  INFO get_globs:scan_sources: tailwindcss_oxide::scanner: Discovering "C:\\Users\\sc998\\namos-chat-v1\\src\\app\\api\\dbtest"
2025-07-10T08:59:02.693934Z  INFO get_globs:scan_sources: tailwindcss_oxide::scanner: Discovering "C:\\Users\\sc998\\namos-chat-v1\\src\\app\\api\\hello"
2025-07-10T08:59:02.694704Z  INFO get_globs:scan_sources: tailwindcss_oxide::scanner: Discovering "C:\\Users\\sc998\\namos-chat-v1\\src\\app\\api\\register"
2025-07-10T08:59:02.695445Z  INFO get_globs:scan_sources: tailwindcss_oxide::scanner: Discovering "C:\\Users\\sc998\\namos-chat-v1\\src\\app\\api\\user"
2025-07-10T08:59:02.696017Z  INFO get_globs:scan_sources: tailwindcss_oxide::scanner: Discovering "C:\\Users\\sc998\\namos-chat-v1\\src\\app\\api\\user\\points"
2025-07-10T08:59:02.696788Z  INFO get_globs:scan_sources: tailwindcss_oxide::scanner: Discovering "C:\\Users\\sc998\\namos-chat-v1\\src\\app\\characters"
2025-07-10T08:59:02.697743Z  INFO get_globs:scan_sources: tailwindcss_oxide::scanner: Discovering "C:\\Users\\sc998\\namos-chat-v1\\src\\app\\characters\\create"
2025-07-10T08:59:02.698642Z  INFO get_globs:scan_sources: tailwindcss_oxide::scanner: Discovering "C:\\Users\\sc998\\namos-chat-v1\\src\\app\\login"
2025-07-10T08:59:02.699327Z  INFO get_globs:scan_sources: tailwindcss_oxide::scanner: Discovering "C:\\Users\\sc998\\namos-chat-v1\\src\\app\\MyPage"
2025-07-10T08:59:02.700168Z  INFO get_globs:scan_sources: tailwindcss_oxide::scanner: Discovering "C:\\Users\\sc998\\namos-chat-v1\\src\\app\\register"
2025-07-10T08:59:02.700884Z  INFO get_globs:scan_sources: tailwindcss_oxide::scanner: Discovering "C:\\Users\\sc998\\namos-chat-v1\\src\\components"
2025-07-10T08:59:02.701794Z  INFO get_globs:scan_sources: tailwindcss_oxide::scanner: Discovering "C:\\Users\\sc998\\namos-chat-v1\\src\\components\\ui"
2025-07-10T08:59:02.702936Z  INFO get_globs:scan_sources: tailwindcss_oxide::scanner: Discovering "C:\\Users\\sc998\\namos-chat-v1\\src\\generated"
2025-07-10T08:59:02.703982Z  INFO get_globs:scan_sources: tailwindcss_oxide::scanner: Discovering "C:\\Users\\sc998\\namos-chat-v1\\src\\lib"
2025-07-10T08:59:02.704669Z  INFO get_globs:scan_sources: tailwindcss_oxide::scanner: Discovering "C:\\Users\\sc998\\namos-chat-v1\\src\\lib\\db"
2025-07-10T08:59:02.705682Z  INFO get_globs:scan_sources: tailwindcss_oxide::scanner: exit
2025-07-10T08:59:02.733333Z  INFO get_globs: tailwindcss_oxide::scanner: exit
2025-07-10T09:01:11.697726Z  INFO scan_sources: tailwindcss_oxide::scanner: enter
2025-07-10T09:01:11.702401Z  INFO scan_sources: tailwindcss_oxide::scanner: Discovering "C:\\Users\\sc998\\namos-chat-v1\\namos-chat"
2025-07-10T09:01:11.704576Z  INFO scan_sources: tailwindcss_oxide::scanner: Discovering "C:\\Users\\sc998\\namos-chat-v1\\prisma"
2025-07-10T09:01:11.705330Z  INFO scan_sources: tailwindcss_oxide::scanner: Discovering "C:\\Users\\sc998\\namos-chat-v1\\public"
2025-07-10T09:01:11.706181Z  INFO scan_sources: tailwindcss_oxide::scanner: Discovering "C:\\Users\\sc998\\namos-chat-v1\\public\\uploads"
2025-07-10T09:01:11.707544Z  INFO scan_sources: tailwindcss_oxide::scanner: Discovering "C:\\Users\\sc998\\namos-chat-v1\\src"
2025-07-10T09:01:11.708363Z  INFO scan_sources: tailwindcss_oxide::scanner: Discovering "C:\\Users\\sc998\\namos-chat-v1\\src\\app"
2025-07-10T09:01:11.708942Z  INFO scan_sources: tailwindcss_oxide::scanner: Discovering "C:\\Users\\sc998\\namos-chat-v1\\src\\app\\api"
2025-07-10T09:01:11.709559Z  INFO scan_sources: tailwindcss_oxide::scanner: Discovering "C:\\Users\\sc998\\namos-chat-v1\\src\\app\\api\\auth"
2025-07-10T09:01:11.710204Z  INFO scan_sources: tailwindcss_oxide::scanner: Discovering "C:\\Users\\sc998\\namos-chat-v1\\src\\app\\api\\auth\\[...nextauth]"
2025-07-10T09:01:11.710995Z  INFO scan_sources: tailwindcss_oxide::scanner: Discovering "C:\\Users\\sc998\\namos-chat-v1\\src\\app\\api\\characters"
2025-07-10T09:01:11.711694Z  INFO scan_sources: tailwindcss_oxide::scanner: Discovering "C:\\Users\\sc998\\namos-chat-v1\\src\\app\\api\\dbtest"
2025-07-10T09:01:11.712385Z  INFO scan_sources: tailwindcss_oxide::scanner: Discovering "C:\\Users\\sc998\\namos-chat-v1\\src\\app\\api\\hello"
2025-07-10T09:01:11.713193Z  INFO scan_sources: tailwindcss_oxide::scanner: Discovering "C:\\Users\\sc998\\namos-chat-v1\\src\\app\\api\\register"
2025-07-10T09:01:11.714230Z  INFO scan_sources: tailwindcss_oxide::scanner: Discovering "C:\\Users\\sc998\\namos-chat-v1\\src\\app\\api\\user"
2025-07-10T09:01:11.715142Z  INFO scan_sources: tailwindcss_oxide::scanner: Discovering "C:\\Users\\sc998\\namos-chat-v1\\src\\app\\api\\user\\points"
2025-07-10T09:01:11.716140Z  INFO scan_sources: tailwindcss_oxide::scanner: Discovering "C:\\Users\\sc998\\namos-chat-v1\\src\\app\\characters"
2025-07-10T09:01:11.717192Z  INFO scan_sources: tailwindcss_oxide::scanner: Discovering "C:\\Users\\sc998\\namos-chat-v1\\src\\app\\characters\\create"
2025-07-10T09:01:11.718535Z  INFO scan_sources: tailwindcss_oxide::scanner: Discovering "C:\\Users\\sc998\\namos-chat-v1\\src\\app\\login"
2025-07-10T09:01:11.719302Z  INFO scan_sources: tailwindcss_oxide::scanner: Discovering "C:\\Users\\sc998\\namos-chat-v1\\src\\app\\MyPage"
2025-07-10T09:01:11.719822Z  INFO scan_sources: tailwindcss_oxide::scanner: Discovering "C:\\Users\\sc998\\namos-chat-v1\\src\\app\\MyPage\\page.tsx"
2025-07-10T09:01:11.720378Z  INFO scan_sources: tailwindcss_oxide::scanner: Discovering "C:\\Users\\sc998\\namos-chat-v1\\src\\app\\register"
2025-07-10T09:01:11.721306Z  INFO scan_sources: tailwindcss_oxide::scanner: Discovering "C:\\Users\\sc998\\namos-chat-v1\\src\\components"
2025-07-10T09:01:11.722335Z  INFO scan_sources: tailwindcss_oxide::scanner: Discovering "C:\\Users\\sc998\\namos-chat-v1\\src\\components\\ui"
2025-07-10T09:01:11.723578Z  INFO scan_sources: tailwindcss_oxide::scanner: Discovering "C:\\Users\\sc998\\namos-chat-v1\\src\\generated"
2025-07-10T09:01:11.724771Z  INFO scan_sources: tailwindcss_oxide::scanner: Discovering "C:\\Users\\sc998\\namos-chat-v1\\src\\lib"
2025-07-10T09:01:11.725543Z  INFO scan_sources: tailwindcss_oxide::scanner: Discovering "C:\\Users\\sc998\\namos-chat-v1\\src\\lib\\db"
2025-07-10T09:01:11.726941Z  INFO scan_sources: tailwindcss_oxide::scanner: exit
2025-07-10T09:01:11.726954Z  INFO extract_candidates: tailwindcss_oxide::scanner: enter
2025-07-10T09:01:11.726959Z  INFO extract_candidates:read_all_files: tailwindcss_oxide::scanner: enter
2025-07-10T09:01:11.726963Z  INFO extract_candidates:read_all_files: tailwindcss_oxide::scanner: Reading 1 file(s)
2025-07-10T09:01:11.727113Z  INFO extract_candidates:read_all_files: tailwindcss_oxide::scanner: Reading "C:\\Users\\sc998\\namos-chat-v1\\src\\app\\MyPage\\page.tsx"
2025-07-10T09:01:11.727125Z  INFO extract_candidates:read_all_files: tailwindcss_oxide::scanner: exit
2025-07-10T09:01:11.727131Z  INFO extract_candidates:parse_all_blobs: tailwindcss_oxide::scanner: enter
2025-07-10T09:01:11.727165Z  INFO extract_candidates:parse_all_blobs:extract: tailwindcss_oxide::scanner: enter
2025-07-10T09:01:11.727395Z  INFO extract_candidates:parse_all_blobs:extract: tailwindcss_oxide::scanner: exit
2025-07-10T09:01:11.727413Z  INFO extract_candidates:parse_all_blobs: tailwindcss_oxide::scanner: exit
2025-07-10T09:01:11.727585Z  INFO extract_candidates: tailwindcss_oxide::scanner: exit
2025-07-10T09:01:11.729148Z  INFO get_files: tailwindcss_oxide::scanner: enter
2025-07-10T09:01:11.729181Z  INFO get_files:scan_sources: tailwindcss_oxide::scanner: enter
2025-07-10T09:01:11.734270Z  INFO get_files:scan_sources: tailwindcss_oxide::scanner: Discovering "C:\\Users\\sc998\\namos-chat-v1\\namos-chat"
2025-07-10T09:01:11.737179Z  INFO get_files:scan_sources: tailwindcss_oxide::scanner: Discovering "C:\\Users\\sc998\\namos-chat-v1\\prisma"
2025-07-10T09:01:11.738075Z  INFO get_files:scan_sources: tailwindcss_oxide::scanner: Discovering "C:\\Users\\sc998\\namos-chat-v1\\public"
2025-07-10T09:01:11.738996Z  INFO get_files:scan_sources: tailwindcss_oxide::scanner: Discovering "C:\\Users\\sc998\\namos-chat-v1\\public\\uploads"
2025-07-10T09:01:11.740397Z  INFO get_files:scan_sources: tailwindcss_oxide::scanner: Discovering "C:\\Users\\sc998\\namos-chat-v1\\src"
2025-07-10T09:01:11.741383Z  INFO get_files:scan_sources: tailwindcss_oxide::scanner: Discovering "C:\\Users\\sc998\\namos-chat-v1\\src\\app"
2025-07-10T09:01:11.742625Z  INFO get_files:scan_sources: tailwindcss_oxide::scanner: Discovering "C:\\Users\\sc998\\namos-chat-v1\\src\\app\\api"
2025-07-10T09:01:11.743425Z  INFO get_files:scan_sources: tailwindcss_oxide::scanner: Discovering "C:\\Users\\sc998\\namos-chat-v1\\src\\app\\api\\auth"
2025-07-10T09:01:11.744119Z  INFO get_files:scan_sources: tailwindcss_oxide::scanner: Discovering "C:\\Users\\sc998\\namos-chat-v1\\src\\app\\api\\auth\\[...nextauth]"
2025-07-10T09:01:11.744873Z  INFO get_files:scan_sources: tailwindcss_oxide::scanner: Discovering "C:\\Users\\sc998\\namos-chat-v1\\src\\app\\api\\characters"
2025-07-10T09:01:11.745619Z  INFO get_files:scan_sources: tailwindcss_oxide::scanner: Discovering "C:\\Users\\sc998\\namos-chat-v1\\src\\app\\api\\dbtest"
2025-07-10T09:01:11.746517Z  INFO get_files:scan_sources: tailwindcss_oxide::scanner: Discovering "C:\\Users\\sc998\\namos-chat-v1\\src\\app\\api\\hello"
2025-07-10T09:01:11.747242Z  INFO get_files:scan_sources: tailwindcss_oxide::scanner: Discovering "C:\\Users\\sc998\\namos-chat-v1\\src\\app\\api\\register"
2025-07-10T09:01:11.747964Z  INFO get_files:scan_sources: tailwindcss_oxide::scanner: Discovering "C:\\Users\\sc998\\namos-chat-v1\\src\\app\\api\\user"
2025-07-10T09:01:11.748801Z  INFO get_files:scan_sources: tailwindcss_oxide::scanner: Discovering "C:\\Users\\sc998\\namos-chat-v1\\src\\app\\api\\user\\points"
2025-07-10T09:01:11.749943Z  INFO get_files:scan_sources: tailwindcss_oxide::scanner: Discovering "C:\\Users\\sc998\\namos-chat-v1\\src\\app\\characters"
2025-07-10T09:01:11.750549Z  INFO get_files:scan_sources: tailwindcss_oxide::scanner: Discovering "C:\\Users\\sc998\\namos-chat-v1\\src\\app\\characters\\create"
2025-07-10T09:01:11.751529Z  INFO get_files:scan_sources: tailwindcss_oxide::scanner: Discovering "C:\\Users\\sc998\\namos-chat-v1\\src\\app\\login"
2025-07-10T09:01:11.752236Z  INFO get_files:scan_sources: tailwindcss_oxide::scanner: Discovering "C:\\Users\\sc998\\namos-chat-v1\\src\\app\\MyPage"
2025-07-10T09:01:11.753101Z  INFO get_files:scan_sources: tailwindcss_oxide::scanner: Discovering "C:\\Users\\sc998\\namos-chat-v1\\src\\app\\register"
2025-07-10T09:01:11.754299Z  INFO get_files:scan_sources: tailwindcss_oxide::scanner: Discovering "C:\\Users\\sc998\\namos-chat-v1\\src\\components"
2025-07-10T09:01:11.755228Z  INFO get_files:scan_sources: tailwindcss_oxide::scanner: Discovering "C:\\Users\\sc998\\namos-chat-v1\\src\\components\\ui"
2025-07-10T09:01:11.756902Z  INFO get_files:scan_sources: tailwindcss_oxide::scanner: Discovering "C:\\Users\\sc998\\namos-chat-v1\\src\\generated"
2025-07-10T09:01:11.758297Z  INFO get_files:scan_sources: tailwindcss_oxide::scanner: Discovering "C:\\Users\\sc998\\namos-chat-v1\\src\\lib"
2025-07-10T09:01:11.758977Z  INFO get_files:scan_sources: tailwindcss_oxide::scanner: Discovering "C:\\Users\\sc998\\namos-chat-v1\\src\\lib\\db"
2025-07-10T09:01:11.760389Z  INFO get_files:scan_sources: tailwindcss_oxide::scanner: exit
2025-07-10T09:01:11.760548Z  INFO get_files: tailwindcss_oxide::scanner: exit
2025-07-10T09:01:11.760772Z  INFO get_globs: tailwindcss_oxide::scanner: enter
2025-07-10T09:01:11.760781Z  INFO get_globs: tailwindcss_oxide::scanner: exit
2025-07-10T09:01:11.826530Z  INFO scan_sources: tailwindcss_oxide::scanner: enter
2025-07-10T09:01:11.830370Z  INFO scan_sources: tailwindcss_oxide::scanner: Discovering "C:\\Users\\sc998\\namos-chat-v1\\namos-chat"
2025-07-10T09:01:11.833062Z  INFO scan_sources: tailwindcss_oxide::scanner: Discovering "C:\\Users\\sc998\\namos-chat-v1\\prisma"
2025-07-10T09:01:11.833739Z  INFO scan_sources: tailwindcss_oxide::scanner: Discovering "C:\\Users\\sc998\\namos-chat-v1\\public"
2025-07-10T09:01:11.834623Z  INFO scan_sources: tailwindcss_oxide::scanner: Discovering "C:\\Users\\sc998\\namos-chat-v1\\public\\uploads"
2025-07-10T09:01:11.835779Z  INFO scan_sources: tailwindcss_oxide::scanner: Discovering "C:\\Users\\sc998\\namos-chat-v1\\src"
2025-07-10T09:01:11.836340Z  INFO scan_sources: tailwindcss_oxide::scanner: Discovering "C:\\Users\\sc998\\namos-chat-v1\\src\\app"
2025-07-10T09:01:11.836894Z  INFO scan_sources: tailwindcss_oxide::scanner: Discovering "C:\\Users\\sc998\\namos-chat-v1\\src\\app\\api"
2025-07-10T09:01:11.837506Z  INFO scan_sources: tailwindcss_oxide::scanner: Discovering "C:\\Users\\sc998\\namos-chat-v1\\src\\app\\api\\auth"
2025-07-10T09:01:11.838080Z  INFO scan_sources: tailwindcss_oxide::scanner: Discovering "C:\\Users\\sc998\\namos-chat-v1\\src\\app\\api\\auth\\[...nextauth]"
2025-07-10T09:01:11.838772Z  INFO scan_sources: tailwindcss_oxide::scanner: Discovering "C:\\Users\\sc998\\namos-chat-v1\\src\\app\\api\\characters"
2025-07-10T09:01:11.839521Z  INFO scan_sources: tailwindcss_oxide::scanner: Discovering "C:\\Users\\sc998\\namos-chat-v1\\src\\app\\api\\dbtest"
2025-07-10T09:01:11.840222Z  INFO scan_sources: tailwindcss_oxide::scanner: Discovering "C:\\Users\\sc998\\namos-chat-v1\\src\\app\\api\\hello"
2025-07-10T09:01:11.840974Z  INFO scan_sources: tailwindcss_oxide::scanner: Discovering "C:\\Users\\sc998\\namos-chat-v1\\src\\app\\api\\register"
2025-07-10T09:01:11.841642Z  INFO scan_sources: tailwindcss_oxide::scanner: Discovering "C:\\Users\\sc998\\namos-chat-v1\\src\\app\\api\\user"
2025-07-10T09:01:11.842277Z  INFO scan_sources: tailwindcss_oxide::scanner: Discovering "C:\\Users\\sc998\\namos-chat-v1\\src\\app\\api\\user\\points"
2025-07-10T09:01:11.843059Z  INFO scan_sources: tailwindcss_oxide::scanner: Discovering "C:\\Users\\sc998\\namos-chat-v1\\src\\app\\characters"
2025-07-10T09:01:11.843802Z  INFO scan_sources: tailwindcss_oxide::scanner: Discovering "C:\\Users\\sc998\\namos-chat-v1\\src\\app\\characters\\create"
2025-07-10T09:01:11.844663Z  INFO scan_sources: tailwindcss_oxide::scanner: Discovering "C:\\Users\\sc998\\namos-chat-v1\\src\\app\\login"
2025-07-10T09:01:11.845359Z  INFO scan_sources: tailwindcss_oxide::scanner: Discovering "C:\\Users\\sc998\\namos-chat-v1\\src\\app\\MyPage"
2025-07-10T09:01:11.846153Z  INFO scan_sources: tailwindcss_oxide::scanner: Discovering "C:\\Users\\sc998\\namos-chat-v1\\src\\app\\register"
2025-07-10T09:01:11.846851Z  INFO scan_sources: tailwindcss_oxide::scanner: Discovering "C:\\Users\\sc998\\namos-chat-v1\\src\\components"
2025-07-10T09:01:11.847662Z  INFO scan_sources: tailwindcss_oxide::scanner: Discovering "C:\\Users\\sc998\\namos-chat-v1\\src\\components\\ui"
2025-07-10T09:01:11.848796Z  INFO scan_sources: tailwindcss_oxide::scanner: Discovering "C:\\Users\\sc998\\namos-chat-v1\\src\\generated"
2025-07-10T09:01:11.849882Z  INFO scan_sources: tailwindcss_oxide::scanner: Discovering "C:\\Users\\sc998\\namos-chat-v1\\src\\lib"
2025-07-10T09:01:11.850507Z  INFO scan_sources: tailwindcss_oxide::scanner: Discovering "C:\\Users\\sc998\\namos-chat-v1\\src\\lib\\db"
2025-07-10T09:01:11.851563Z  INFO scan_sources: tailwindcss_oxide::scanner: exit
2025-07-10T09:01:11.851575Z  INFO extract_candidates: tailwindcss_oxide::scanner: enter
2025-07-10T09:01:11.851581Z  INFO extract_candidates:read_all_files: tailwindcss_oxide::scanner: enter
2025-07-10T09:01:11.851584Z  INFO extract_candidates:read_all_files: tailwindcss_oxide::scanner: Reading 0 file(s)
2025-07-10T09:01:11.851589Z  INFO extract_candidates:read_all_files: tailwindcss_oxide::scanner: exit
2025-07-10T09:01:11.851593Z  INFO extract_candidates:parse_all_blobs: tailwindcss_oxide::scanner: enter
2025-07-10T09:01:11.851599Z  INFO extract_candidates:parse_all_blobs:extract: tailwindcss_oxide::scanner: enter
2025-07-10T09:01:11.851603Z  INFO extract_candidates:parse_all_blobs:extract: tailwindcss_oxide::scanner: exit
2025-07-10T09:01:11.851607Z  INFO extract_candidates:parse_all_blobs: tailwindcss_oxide::scanner: exit
2025-07-10T09:01:11.851612Z  INFO extract_candidates: tailwindcss_oxide::scanner: exit
2025-07-10T09:01:11.852131Z  INFO get_files: tailwindcss_oxide::scanner: enter
2025-07-10T09:01:11.852158Z  INFO get_files:scan_sources: tailwindcss_oxide::scanner: enter
2025-07-10T09:01:11.855793Z  INFO get_files:scan_sources: tailwindcss_oxide::scanner: Discovering "C:\\Users\\sc998\\namos-chat-v1\\namos-chat"
2025-07-10T09:01:11.857926Z  INFO get_files:scan_sources: tailwindcss_oxide::scanner: Discovering "C:\\Users\\sc998\\namos-chat-v1\\prisma"
2025-07-10T09:01:11.858635Z  INFO get_files:scan_sources: tailwindcss_oxide::scanner: Discovering "C:\\Users\\sc998\\namos-chat-v1\\public"
2025-07-10T09:01:11.859635Z  INFO get_files:scan_sources: tailwindcss_oxide::scanner: Discovering "C:\\Users\\sc998\\namos-chat-v1\\public\\uploads"
2025-07-10T09:01:11.860902Z  INFO get_files:scan_sources: tailwindcss_oxide::scanner: Discovering "C:\\Users\\sc998\\namos-chat-v1\\src"
2025-07-10T09:01:11.861464Z  INFO get_files:scan_sources: tailwindcss_oxide::scanner: Discovering "C:\\Users\\sc998\\namos-chat-v1\\src\\app"
2025-07-10T09:01:11.862136Z  INFO get_files:scan_sources: tailwindcss_oxide::scanner: Discovering "C:\\Users\\sc998\\namos-chat-v1\\src\\app\\api"
2025-07-10T09:01:11.862754Z  INFO get_files:scan_sources: tailwindcss_oxide::scanner: Discovering "C:\\Users\\sc998\\namos-chat-v1\\src\\app\\api\\auth"
2025-07-10T09:01:11.863361Z  INFO get_files:scan_sources: tailwindcss_oxide::scanner: Discovering "C:\\Users\\sc998\\namos-chat-v1\\src\\app\\api\\auth\\[...nextauth]"
2025-07-10T09:01:11.864099Z  INFO get_files:scan_sources: tailwindcss_oxide::scanner: Discovering "C:\\Users\\sc998\\namos-chat-v1\\src\\app\\api\\characters"
2025-07-10T09:01:11.864809Z  INFO get_files:scan_sources: tailwindcss_oxide::scanner: Discovering "C:\\Users\\sc998\\namos-chat-v1\\src\\app\\api\\dbtest"
2025-07-10T09:01:11.865478Z  INFO get_files:scan_sources: tailwindcss_oxide::scanner: Discovering "C:\\Users\\sc998\\namos-chat-v1\\src\\app\\api\\hello"
2025-07-10T09:01:11.866209Z  INFO get_files:scan_sources: tailwindcss_oxide::scanner: Discovering "C:\\Users\\sc998\\namos-chat-v1\\src\\app\\api\\register"
2025-07-10T09:01:11.866872Z  INFO get_files:scan_sources: tailwindcss_oxide::scanner: Discovering "C:\\Users\\sc998\\namos-chat-v1\\src\\app\\api\\user"
2025-07-10T09:01:11.867477Z  INFO get_files:scan_sources: tailwindcss_oxide::scanner: Discovering "C:\\Users\\sc998\\namos-chat-v1\\src\\app\\api\\user\\points"
2025-07-10T09:01:11.868186Z  INFO get_files:scan_sources: tailwindcss_oxide::scanner: Discovering "C:\\Users\\sc998\\namos-chat-v1\\src\\app\\characters"
2025-07-10T09:01:11.868751Z  INFO get_files:scan_sources: tailwindcss_oxide::scanner: Discovering "C:\\Users\\sc998\\namos-chat-v1\\src\\app\\characters\\create"
2025-07-10T09:01:11.869607Z  INFO get_files:scan_sources: tailwindcss_oxide::scanner: Discovering "C:\\Users\\sc998\\namos-chat-v1\\src\\app\\login"
2025-07-10T09:01:11.870352Z  INFO get_files:scan_sources: tailwindcss_oxide::scanner: Discovering "C:\\Users\\sc998\\namos-chat-v1\\src\\app\\MyPage"
2025-07-10T09:01:11.871092Z  INFO get_files:scan_sources: tailwindcss_oxide::scanner: Discovering "C:\\Users\\sc998\\namos-chat-v1\\src\\app\\register"
2025-07-10T09:01:11.871810Z  INFO get_files:scan_sources: tailwindcss_oxide::scanner: Discovering "C:\\Users\\sc998\\namos-chat-v1\\src\\components"
2025-07-10T09:01:11.872769Z  INFO get_files:scan_sources: tailwindcss_oxide::scanner: Discovering "C:\\Users\\sc998\\namos-chat-v1\\src\\components\\ui"
2025-07-10T09:01:11.874101Z  INFO get_files:scan_sources: tailwindcss_oxide::scanner: Discovering "C:\\Users\\sc998\\namos-chat-v1\\src\\generated"
2025-07-10T09:01:11.875370Z  INFO get_files:scan_sources: tailwindcss_oxide::scanner: Discovering "C:\\Users\\sc998\\namos-chat-v1\\src\\lib"
2025-07-10T09:01:11.876051Z  INFO get_files:scan_sources: tailwindcss_oxide::scanner: Discovering "C:\\Users\\sc998\\namos-chat-v1\\src\\lib\\db"
2025-07-10T09:01:11.877166Z  INFO get_files:scan_sources: tailwindcss_oxide::scanner: exit
2025-07-10T09:01:11.877323Z  INFO get_files: tailwindcss_oxide::scanner: exit
2025-07-10T09:01:11.877824Z  INFO get_globs: tailwindcss_oxide::scanner: enter
2025-07-10T09:01:11.877836Z  INFO get_globs: tailwindcss_oxide::scanner: exit
